<?xml version="1.0" encoding="UTF-8"?>
<testng-results ignored="0" total="135" passed="135" failed="0" skipped="0">
  <reporter-output>
  </reporter-output>
  <suite started-at="2023-06-25T18:32:00 EDT" name="Default suite" finished-at="2023-06-25T18:33:17 EDT" duration-ms="76122">
    <groups>
      <group name="cucumber">
        <method signature="AbstractTestNGCucumberTests.runScenario(io.cucumber.testng.PickleWrapper,io.cucumber.testng.FeatureWrapper)[pri:0, instance:runner.TestRunner@7188af83]" name="runScenario" class="io.cucumber.testng.AbstractTestNGCucumberTests"/>
      </group> <!-- cucumber -->
    </groups>
    <test started-at="2023-06-25T18:32:00 EDT" name="Default test" finished-at="2023-06-25T18:33:17 EDT" duration-ms="76122">
      <class name="runner.TestRunner">
        <test-method is-config="true" signature="setUpClass(org.testng.ITestContext)[pri:0, instance:runner.TestRunner@7188af83]" started-at="2023-06-25T18:32:00 EDT" name="setUpClass" finished-at="2023-06-25T18:32:07 EDT" duration-ms="6793" status="PASS">
          <params>
            <param index="0">
              <value>
                <![CDATA[org.testng.TestRunner@3e6f3ad5]]>
              </value>
            </param>
          </params>
          <reporter-output>
          </reporter-output>
        </test-method> <!-- setUpClass -->
        <test-method signature="runScenario(io.cucumber.testng.PickleWrapper,io.cucumber.testng.FeatureWrapper)[pri:0, instance:runner.TestRunner@7188af83]" started-at="2023-06-25T18:32:07 EDT" name="runScenario" description="Runs Cucumber Scenarios" data-provider="scenarios" finished-at="2023-06-25T18:32:08 EDT" duration-ms="1188" status="PASS">
          <params>
            <param index="0">
              <value>
                <![CDATA["launch the home page of dsalgo portal"]]>
              </value>
            </param>
            <param index="1">
              <value>
                <![CDATA["Launch Start page and Test Home Page"]]>
              </value>
            </param>
          </params>
          <reporter-output>
          </reporter-output>
        </test-method> <!-- runScenario -->
        <test-method signature="runScenario(io.cucumber.testng.PickleWrapper,io.cucumber.testng.FeatureWrapper)[pri:0, instance:runner.TestRunner@7188af83]" started-at="2023-06-25T18:32:08 EDT" name="runScenario" description="Runs Cucumber Scenarios" data-provider="scenarios" finished-at="2023-06-25T18:32:09 EDT" duration-ms="394" status="PASS">
          <params>
            <param index="0">
              <value>
                <![CDATA["user is on home page"]]>
              </value>
            </param>
            <param index="1">
              <value>
                <![CDATA["Launch Start page and Test Home Page"]]>
              </value>
            </param>
          </params>
          <reporter-output>
          </reporter-output>
        </test-method> <!-- runScenario -->
        <test-method signature="runScenario(io.cucumber.testng.PickleWrapper,io.cucumber.testng.FeatureWrapper)[pri:0, instance:runner.TestRunner@7188af83]" started-at="2023-06-25T18:32:09 EDT" name="runScenario" description="Runs Cucumber Scenarios" data-provider="scenarios" finished-at="2023-06-25T18:32:09 EDT" duration-ms="298" status="PASS">
          <params>
            <param index="0">
              <value>
                <![CDATA["user is on home page"]]>
              </value>
            </param>
            <param index="1">
              <value>
                <![CDATA["Launch Start page and Test Home Page"]]>
              </value>
            </param>
          </params>
          <reporter-output>
          </reporter-output>
        </test-method> <!-- runScenario -->
        <test-method signature="runScenario(io.cucumber.testng.PickleWrapper,io.cucumber.testng.FeatureWrapper)[pri:0, instance:runner.TestRunner@7188af83]" started-at="2023-06-25T18:32:09 EDT" name="runScenario" description="Runs Cucumber Scenarios" data-provider="scenarios" finished-at="2023-06-25T18:32:09 EDT" duration-ms="318" status="PASS">
          <params>
            <param index="0">
              <value>
                <![CDATA["user is on home page"]]>
              </value>
            </param>
            <param index="1">
              <value>
                <![CDATA["Launch Start page and Test Home Page"]]>
              </value>
            </param>
          </params>
          <reporter-output>
          </reporter-output>
        </test-method> <!-- runScenario -->
        <test-method signature="runScenario(io.cucumber.testng.PickleWrapper,io.cucumber.testng.FeatureWrapper)[pri:0, instance:runner.TestRunner@7188af83]" started-at="2023-06-25T18:32:09 EDT" name="runScenario" description="Runs Cucumber Scenarios" data-provider="scenarios" finished-at="2023-06-25T18:32:10 EDT" duration-ms="283" status="PASS">
          <params>
            <param index="0">
              <value>
                <![CDATA["user is on home page"]]>
              </value>
            </param>
            <param index="1">
              <value>
                <![CDATA["Launch Start page and Test Home Page"]]>
              </value>
            </param>
          </params>
          <reporter-output>
          </reporter-output>
        </test-method> <!-- runScenario -->
        <test-method signature="runScenario(io.cucumber.testng.PickleWrapper,io.cucumber.testng.FeatureWrapper)[pri:0, instance:runner.TestRunner@7188af83]" started-at="2023-06-25T18:32:10 EDT" name="runScenario" description="Runs Cucumber Scenarios" data-provider="scenarios" finished-at="2023-06-25T18:32:10 EDT" duration-ms="291" status="PASS">
          <params>
            <param index="0">
              <value>
                <![CDATA["user is on home page"]]>
              </value>
            </param>
            <param index="1">
              <value>
                <![CDATA["Launch Start page and Test Home Page"]]>
              </value>
            </param>
          </params>
          <reporter-output>
          </reporter-output>
        </test-method> <!-- runScenario -->
        <test-method signature="runScenario(io.cucumber.testng.PickleWrapper,io.cucumber.testng.FeatureWrapper)[pri:0, instance:runner.TestRunner@7188af83]" started-at="2023-06-25T18:32:10 EDT" name="runScenario" description="Runs Cucumber Scenarios" data-provider="scenarios" finished-at="2023-06-25T18:32:11 EDT" duration-ms="442" status="PASS">
          <params>
            <param index="0">
              <value>
                <![CDATA["User is on Home page and click on dropdown without sign in"]]>
              </value>
            </param>
            <param index="1">
              <value>
                <![CDATA["Launch Start page and Test Home Page"]]>
              </value>
            </param>
          </params>
          <reporter-output>
          </reporter-output>
        </test-method> <!-- runScenario -->
        <test-method signature="runScenario(io.cucumber.testng.PickleWrapper,io.cucumber.testng.FeatureWrapper)[pri:0, instance:runner.TestRunner@7188af83]" started-at="2023-06-25T18:32:11 EDT" name="runScenario" description="Runs Cucumber Scenarios" data-provider="scenarios" finished-at="2023-06-25T18:32:11 EDT" duration-ms="374" status="PASS">
          <params>
            <param index="0">
              <value>
                <![CDATA["User is on Home page and click on dropdown without sign in"]]>
              </value>
            </param>
            <param index="1">
              <value>
                <![CDATA["Launch Start page and Test Home Page"]]>
              </value>
            </param>
          </params>
          <reporter-output>
          </reporter-output>
        </test-method> <!-- runScenario -->
        <test-method signature="runScenario(io.cucumber.testng.PickleWrapper,io.cucumber.testng.FeatureWrapper)[pri:0, instance:runner.TestRunner@7188af83]" started-at="2023-06-25T18:32:11 EDT" name="runScenario" description="Runs Cucumber Scenarios" data-provider="scenarios" finished-at="2023-06-25T18:32:11 EDT" duration-ms="380" status="PASS">
          <params>
            <param index="0">
              <value>
                <![CDATA["User is on Home page and click on dropdown without sign in"]]>
              </value>
            </param>
            <param index="1">
              <value>
                <![CDATA["Launch Start page and Test Home Page"]]>
              </value>
            </param>
          </params>
          <reporter-output>
          </reporter-output>
        </test-method> <!-- runScenario -->
        <test-method signature="runScenario(io.cucumber.testng.PickleWrapper,io.cucumber.testng.FeatureWrapper)[pri:0, instance:runner.TestRunner@7188af83]" started-at="2023-06-25T18:32:11 EDT" name="runScenario" description="Runs Cucumber Scenarios" data-provider="scenarios" finished-at="2023-06-25T18:32:12 EDT" duration-ms="392" status="PASS">
          <params>
            <param index="0">
              <value>
                <![CDATA["User is on Home page and click on dropdown without sign in"]]>
              </value>
            </param>
            <param index="1">
              <value>
                <![CDATA["Launch Start page and Test Home Page"]]>
              </value>
            </param>
          </params>
          <reporter-output>
          </reporter-output>
        </test-method> <!-- runScenario -->
        <test-method signature="runScenario(io.cucumber.testng.PickleWrapper,io.cucumber.testng.FeatureWrapper)[pri:0, instance:runner.TestRunner@7188af83]" started-at="2023-06-25T18:32:12 EDT" name="runScenario" description="Runs Cucumber Scenarios" data-provider="scenarios" finished-at="2023-06-25T18:32:12 EDT" duration-ms="424" status="PASS">
          <params>
            <param index="0">
              <value>
                <![CDATA["User is on Home page and click on dropdown without sign in"]]>
              </value>
            </param>
            <param index="1">
              <value>
                <![CDATA["Launch Start page and Test Home Page"]]>
              </value>
            </param>
          </params>
          <reporter-output>
          </reporter-output>
        </test-method> <!-- runScenario -->
        <test-method signature="runScenario(io.cucumber.testng.PickleWrapper,io.cucumber.testng.FeatureWrapper)[pri:0, instance:runner.TestRunner@7188af83]" started-at="2023-06-25T18:32:12 EDT" name="runScenario" description="Runs Cucumber Scenarios" data-provider="scenarios" finished-at="2023-06-25T18:32:13 EDT" duration-ms="416" status="PASS">
          <params>
            <param index="0">
              <value>
                <![CDATA["User is on Home page and click on dropdown without sign in"]]>
              </value>
            </param>
            <param index="1">
              <value>
                <![CDATA["Launch Start page and Test Home Page"]]>
              </value>
            </param>
          </params>
          <reporter-output>
          </reporter-output>
        </test-method> <!-- runScenario -->
        <test-method signature="runScenario(io.cucumber.testng.PickleWrapper,io.cucumber.testng.FeatureWrapper)[pri:0, instance:runner.TestRunner@7188af83]" started-at="2023-06-25T18:32:13 EDT" name="runScenario" description="Runs Cucumber Scenarios" data-provider="scenarios" finished-at="2023-06-25T18:32:13 EDT" duration-ms="241" status="PASS">
          <params>
            <param index="0">
              <value>
                <![CDATA["User is on Home page and click on sign in"]]>
              </value>
            </param>
            <param index="1">
              <value>
                <![CDATA["Launch Start page and Test Home Page"]]>
              </value>
            </param>
          </params>
          <reporter-output>
          </reporter-output>
        </test-method> <!-- runScenario -->
        <test-method signature="runScenario(io.cucumber.testng.PickleWrapper,io.cucumber.testng.FeatureWrapper)[pri:0, instance:runner.TestRunner@7188af83]" started-at="2023-06-25T18:32:13 EDT" name="runScenario" description="Runs Cucumber Scenarios" data-provider="scenarios" finished-at="2023-06-25T18:32:13 EDT" duration-ms="200" status="PASS">
          <params>
            <param index="0">
              <value>
                <![CDATA["User is on Home page and click on Register"]]>
              </value>
            </param>
            <param index="1">
              <value>
                <![CDATA["Launch Start page and Test Home Page"]]>
              </value>
            </param>
          </params>
          <reporter-output>
          </reporter-output>
        </test-method> <!-- runScenario -->
        <test-method signature="runScenario(io.cucumber.testng.PickleWrapper,io.cucumber.testng.FeatureWrapper)[pri:0, instance:runner.TestRunner@7188af83]" started-at="2023-06-25T18:32:13 EDT" name="runScenario" description="Runs Cucumber Scenarios" data-provider="scenarios" finished-at="2023-06-25T18:32:13 EDT" duration-ms="320" status="PASS">
          <params>
            <param index="0">
              <value>
                <![CDATA["The user is presented with error message for empty fields below Username textbox"]]>
              </value>
            </param>
            <param index="1">
              <value>
                <![CDATA["Title of your feature"]]>
              </value>
            </param>
          </params>
          <reporter-output>
          </reporter-output>
        </test-method> <!-- runScenario -->
        <test-method signature="runScenario(io.cucumber.testng.PickleWrapper,io.cucumber.testng.FeatureWrapper)[pri:0, instance:runner.TestRunner@7188af83]" started-at="2023-06-25T18:32:13 EDT" name="runScenario" description="Runs Cucumber Scenarios" data-provider="scenarios" finished-at="2023-06-25T18:32:14 EDT" duration-ms="432" status="PASS">
          <params>
            <param index="0">
              <value>
                <![CDATA["The user is presented with error message for empty fields below Password textbox"]]>
              </value>
            </param>
            <param index="1">
              <value>
                <![CDATA["Title of your feature"]]>
              </value>
            </param>
          </params>
          <reporter-output>
          </reporter-output>
        </test-method> <!-- runScenario -->
        <test-method signature="runScenario(io.cucumber.testng.PickleWrapper,io.cucumber.testng.FeatureWrapper)[pri:0, instance:runner.TestRunner@7188af83]" started-at="2023-06-25T18:32:14 EDT" name="runScenario" description="Runs Cucumber Scenarios" data-provider="scenarios" finished-at="2023-06-25T18:32:14 EDT" duration-ms="401" status="PASS">
          <params>
            <param index="0">
              <value>
                <![CDATA["The user is presented with error message for empty fields belo Password Confirmation textbox"]]>
              </value>
            </param>
            <param index="1">
              <value>
                <![CDATA["Title of your feature"]]>
              </value>
            </param>
          </params>
          <reporter-output>
          </reporter-output>
        </test-method> <!-- runScenario -->
        <test-method signature="runScenario(io.cucumber.testng.PickleWrapper,io.cucumber.testng.FeatureWrapper)[pri:0, instance:runner.TestRunner@7188af83]" started-at="2023-06-25T18:32:14 EDT" name="runScenario" description="Runs Cucumber Scenarios" data-provider="scenarios" finished-at="2023-06-25T18:32:16 EDT" duration-ms="2174" status="PASS">
          <params>
            <param index="0">
              <value>
                <![CDATA["to register with all the data"]]>
              </value>
            </param>
            <param index="1">
              <value>
                <![CDATA["Title of your feature"]]>
              </value>
            </param>
          </params>
          <reporter-output>
          </reporter-output>
        </test-method> <!-- runScenario -->
        <test-method signature="runScenario(io.cucumber.testng.PickleWrapper,io.cucumber.testng.FeatureWrapper)[pri:0, instance:runner.TestRunner@7188af83]" started-at="2023-06-25T18:32:16 EDT" name="runScenario" description="Runs Cucumber Scenarios" data-provider="scenarios" finished-at="2023-06-25T18:32:17 EDT" duration-ms="1074" status="PASS">
          <params>
            <param index="0">
              <value>
                <![CDATA["to register with all the data"]]>
              </value>
            </param>
            <param index="1">
              <value>
                <![CDATA["Title of your feature"]]>
              </value>
            </param>
          </params>
          <reporter-output>
          </reporter-output>
        </test-method> <!-- runScenario -->
        <test-method signature="runScenario(io.cucumber.testng.PickleWrapper,io.cucumber.testng.FeatureWrapper)[pri:0, instance:runner.TestRunner@7188af83]" started-at="2023-06-25T18:32:17 EDT" name="runScenario" description="Runs Cucumber Scenarios" data-provider="scenarios" finished-at="2023-06-25T18:32:18 EDT" duration-ms="1016" status="PASS">
          <params>
            <param index="0">
              <value>
                <![CDATA["to register with all the data"]]>
              </value>
            </param>
            <param index="1">
              <value>
                <![CDATA["Title of your feature"]]>
              </value>
            </param>
          </params>
          <reporter-output>
          </reporter-output>
        </test-method> <!-- runScenario -->
        <test-method signature="runScenario(io.cucumber.testng.PickleWrapper,io.cucumber.testng.FeatureWrapper)[pri:0, instance:runner.TestRunner@7188af83]" started-at="2023-06-25T18:32:18 EDT" name="runScenario" description="Runs Cucumber Scenarios" data-provider="scenarios" finished-at="2023-06-25T18:32:19 EDT" duration-ms="961" status="PASS">
          <params>
            <param index="0">
              <value>
                <![CDATA["to register with all the data"]]>
              </value>
            </param>
            <param index="1">
              <value>
                <![CDATA["Title of your feature"]]>
              </value>
            </param>
          </params>
          <reporter-output>
          </reporter-output>
        </test-method> <!-- runScenario -->
        <test-method signature="runScenario(io.cucumber.testng.PickleWrapper,io.cucumber.testng.FeatureWrapper)[pri:0, instance:runner.TestRunner@7188af83]" started-at="2023-06-25T18:32:19 EDT" name="runScenario" description="Runs Cucumber Scenarios" data-provider="scenarios" finished-at="2023-06-25T18:32:20 EDT" duration-ms="200" status="PASS">
          <params>
            <param index="0">
              <value>
                <![CDATA["Verifying signin link"]]>
              </value>
            </param>
            <param index="1">
              <value>
                <![CDATA["Title of your feature"]]>
              </value>
            </param>
          </params>
          <reporter-output>
          </reporter-output>
        </test-method> <!-- runScenario -->
        <test-method signature="runScenario(io.cucumber.testng.PickleWrapper,io.cucumber.testng.FeatureWrapper)[pri:0, instance:runner.TestRunner@7188af83]" started-at="2023-06-25T18:32:20 EDT" name="runScenario" description="Runs Cucumber Scenarios" data-provider="scenarios" finished-at="2023-06-25T18:32:20 EDT" duration-ms="312" status="PASS">
          <params>
            <param index="0">
              <value>
                <![CDATA["Redirect to Register page"]]>
              </value>
            </param>
            <param index="1">
              <value>
                <![CDATA["SignIn Action"]]>
              </value>
            </param>
          </params>
          <reporter-output>
          </reporter-output>
        </test-method> <!-- runScenario -->
        <test-method signature="runScenario(io.cucumber.testng.PickleWrapper,io.cucumber.testng.FeatureWrapper)[pri:0, instance:runner.TestRunner@7188af83]" started-at="2023-06-25T18:32:20 EDT" name="runScenario" description="Runs Cucumber Scenarios" data-provider="scenarios" finished-at="2023-06-25T18:32:20 EDT" duration-ms="280" status="PASS">
          <params>
            <param index="0">
              <value>
                <![CDATA["To verify SignIn with Empty fields"]]>
              </value>
            </param>
            <param index="1">
              <value>
                <![CDATA["SignIn Action"]]>
              </value>
            </param>
          </params>
          <reporter-output>
          </reporter-output>
        </test-method> <!-- runScenario -->
        <test-method signature="runScenario(io.cucumber.testng.PickleWrapper,io.cucumber.testng.FeatureWrapper)[pri:0, instance:runner.TestRunner@7188af83]" started-at="2023-06-25T18:32:20 EDT" name="runScenario" description="Runs Cucumber Scenarios" data-provider="scenarios" finished-at="2023-06-25T18:32:20 EDT" duration-ms="256" status="PASS">
          <params>
            <param index="0">
              <value>
                <![CDATA["To verify SignIn with username only"]]>
              </value>
            </param>
            <param index="1">
              <value>
                <![CDATA["SignIn Action"]]>
              </value>
            </param>
          </params>
          <reporter-output>
          </reporter-output>
        </test-method> <!-- runScenario -->
        <test-method signature="runScenario(io.cucumber.testng.PickleWrapper,io.cucumber.testng.FeatureWrapper)[pri:0, instance:runner.TestRunner@7188af83]" started-at="2023-06-25T18:32:20 EDT" name="runScenario" description="Runs Cucumber Scenarios" data-provider="scenarios" finished-at="2023-06-25T18:32:21 EDT" duration-ms="265" status="PASS">
          <params>
            <param index="0">
              <value>
                <![CDATA["To verify SignIn with password only"]]>
              </value>
            </param>
            <param index="1">
              <value>
                <![CDATA["SignIn Action"]]>
              </value>
            </param>
          </params>
          <reporter-output>
          </reporter-output>
        </test-method> <!-- runScenario -->
        <test-method signature="runScenario(io.cucumber.testng.PickleWrapper,io.cucumber.testng.FeatureWrapper)[pri:0, instance:runner.TestRunner@7188af83]" started-at="2023-06-25T18:32:21 EDT" name="runScenario" description="Runs Cucumber Scenarios" data-provider="scenarios" finished-at="2023-06-25T18:32:21 EDT" duration-ms="624" status="PASS">
          <params>
            <param index="0">
              <value>
                <![CDATA["To verify SignIn with invalid "zxyu123" and "zxyu1234""]]>
              </value>
            </param>
            <param index="1">
              <value>
                <![CDATA["SignIn Action"]]>
              </value>
            </param>
          </params>
          <reporter-output>
          </reporter-output>
        </test-method> <!-- runScenario -->
        <test-method signature="runScenario(io.cucumber.testng.PickleWrapper,io.cucumber.testng.FeatureWrapper)[pri:0, instance:runner.TestRunner@7188af83]" started-at="2023-06-25T18:32:21 EDT" name="runScenario" description="Runs Cucumber Scenarios" data-provider="scenarios" finished-at="2023-06-25T18:32:22 EDT" duration-ms="562" status="PASS">
          <params>
            <param index="0">
              <value>
                <![CDATA["To verify SignIn with invalid "abc" and "12345678""]]>
              </value>
            </param>
            <param index="1">
              <value>
                <![CDATA["SignIn Action"]]>
              </value>
            </param>
          </params>
          <reporter-output>
          </reporter-output>
        </test-method> <!-- runScenario -->
        <test-method signature="runScenario(io.cucumber.testng.PickleWrapper,io.cucumber.testng.FeatureWrapper)[pri:0, instance:runner.TestRunner@7188af83]" started-at="2023-06-25T18:32:22 EDT" name="runScenario" description="Runs Cucumber Scenarios" data-provider="scenarios" finished-at="2023-06-25T18:32:22 EDT" duration-ms="586" status="PASS">
          <params>
            <param index="0">
              <value>
                <![CDATA["To verify SignIn with invalid "NinjaTest" and "testsquad@""]]>
              </value>
            </param>
            <param index="1">
              <value>
                <![CDATA["SignIn Action"]]>
              </value>
            </param>
          </params>
          <reporter-output>
          </reporter-output>
        </test-method> <!-- runScenario -->
        <test-method signature="runScenario(io.cucumber.testng.PickleWrapper,io.cucumber.testng.FeatureWrapper)[pri:0, instance:runner.TestRunner@7188af83]" started-at="2023-06-25T18:32:22 EDT" name="runScenario" description="Runs Cucumber Scenarios" data-provider="scenarios" finished-at="2023-06-25T18:32:23 EDT" duration-ms="622" status="PASS">
          <params>
            <param index="0">
              <value>
                <![CDATA[""User on login page and login with invalid and valid inputs from Excel""]]>
              </value>
            </param>
            <param index="1">
              <value>
                <![CDATA["SignIn Action"]]>
              </value>
            </param>
          </params>
          <reporter-output>
          </reporter-output>
        </test-method> <!-- runScenario -->
        <test-method signature="runScenario(io.cucumber.testng.PickleWrapper,io.cucumber.testng.FeatureWrapper)[pri:0, instance:runner.TestRunner@7188af83]" started-at="2023-06-25T18:32:23 EDT" name="runScenario" description="Runs Cucumber Scenarios" data-provider="scenarios" finished-at="2023-06-25T18:32:24 EDT" duration-ms="581" status="PASS">
          <params>
            <param index="0">
              <value>
                <![CDATA[""User on login page and login with invalid and valid inputs from Excel""]]>
              </value>
            </param>
            <param index="1">
              <value>
                <![CDATA["SignIn Action"]]>
              </value>
            </param>
          </params>
          <reporter-output>
          </reporter-output>
        </test-method> <!-- runScenario -->
        <test-method signature="runScenario(io.cucumber.testng.PickleWrapper,io.cucumber.testng.FeatureWrapper)[pri:0, instance:runner.TestRunner@7188af83]" started-at="2023-06-25T18:32:24 EDT" name="runScenario" description="Runs Cucumber Scenarios" data-provider="scenarios" finished-at="2023-06-25T18:32:24 EDT" duration-ms="665" status="PASS">
          <params>
            <param index="0">
              <value>
                <![CDATA[""User on login page and login with invalid and valid inputs from Excel""]]>
              </value>
            </param>
            <param index="1">
              <value>
                <![CDATA["SignIn Action"]]>
              </value>
            </param>
          </params>
          <reporter-output>
          </reporter-output>
        </test-method> <!-- runScenario -->
        <test-method signature="runScenario(io.cucumber.testng.PickleWrapper,io.cucumber.testng.FeatureWrapper)[pri:0, instance:runner.TestRunner@7188af83]" started-at="2023-06-25T18:32:24 EDT" name="runScenario" description="Runs Cucumber Scenarios" data-provider="scenarios" finished-at="2023-06-25T18:32:25 EDT" duration-ms="697" status="PASS">
          <params>
            <param index="0">
              <value>
                <![CDATA[""User on login page and login with invalid and valid inputs from Excel""]]>
              </value>
            </param>
            <param index="1">
              <value>
                <![CDATA["SignIn Action"]]>
              </value>
            </param>
          </params>
          <reporter-output>
          </reporter-output>
        </test-method> <!-- runScenario -->
        <test-method signature="runScenario(io.cucumber.testng.PickleWrapper,io.cucumber.testng.FeatureWrapper)[pri:0, instance:runner.TestRunner@7188af83]" started-at="2023-06-25T18:32:25 EDT" name="runScenario" description="Runs Cucumber Scenarios" data-provider="scenarios" finished-at="2023-06-25T18:32:25 EDT" duration-ms="234" status="PASS">
          <params>
            <param index="0">
              <value>
                <![CDATA["Verifying signout link"]]>
              </value>
            </param>
            <param index="1">
              <value>
                <![CDATA["SignIn Action"]]>
              </value>
            </param>
          </params>
          <reporter-output>
          </reporter-output>
        </test-method> <!-- runScenario -->
        <test-method signature="runScenario(io.cucumber.testng.PickleWrapper,io.cucumber.testng.FeatureWrapper)[pri:0, instance:runner.TestRunner@7188af83]" started-at="2023-06-25T18:32:25 EDT" name="runScenario" description="Runs Cucumber Scenarios" data-provider="scenarios" finished-at="2023-06-25T18:32:26 EDT" duration-ms="974" status="PASS">
          <params>
            <param index="0">
              <value>
                <![CDATA["The user is logged in to DS Algo portal"]]>
              </value>
            </param>
            <param index="1">
              <value>
                <![CDATA["performing Data Structures-Introduction"]]>
              </value>
            </param>
          </params>
          <reporter-output>
          </reporter-output>
        </test-method> <!-- runScenario -->
        <test-method signature="runScenario(io.cucumber.testng.PickleWrapper,io.cucumber.testng.FeatureWrapper)[pri:0, instance:runner.TestRunner@7188af83]" started-at="2023-06-25T18:32:26 EDT" name="runScenario" description="Runs Cucumber Scenarios" data-provider="scenarios" finished-at="2023-06-25T18:32:26 EDT" duration-ms="265" status="PASS">
          <params>
            <param index="0">
              <value>
                <![CDATA["The user is able to navigate to Data Structure introduction page"]]>
              </value>
            </param>
            <param index="1">
              <value>
                <![CDATA["performing Data Structures-Introduction"]]>
              </value>
            </param>
          </params>
          <reporter-output>
          </reporter-output>
        </test-method> <!-- runScenario -->
        <test-method signature="runScenario(io.cucumber.testng.PickleWrapper,io.cucumber.testng.FeatureWrapper)[pri:0, instance:runner.TestRunner@7188af83]" started-at="2023-06-25T18:32:26 EDT" name="runScenario" description="Runs Cucumber Scenarios" data-provider="scenarios" finished-at="2023-06-25T18:32:27 EDT" duration-ms="256" status="PASS">
          <params>
            <param index="0">
              <value>
                <![CDATA["The user is able to navigate to Time Complexity page"]]>
              </value>
            </param>
            <param index="1">
              <value>
                <![CDATA["performing Data Structures-Introduction"]]>
              </value>
            </param>
          </params>
          <reporter-output>
          </reporter-output>
        </test-method> <!-- runScenario -->
        <test-method signature="runScenario(io.cucumber.testng.PickleWrapper,io.cucumber.testng.FeatureWrapper)[pri:0, instance:runner.TestRunner@7188af83]" started-at="2023-06-25T18:32:27 EDT" name="runScenario" description="Runs Cucumber Scenarios" data-provider="scenarios" finished-at="2023-06-25T18:32:27 EDT" duration-ms="551" status="PASS">
          <params>
            <param index="0">
              <value>
                <![CDATA["The user is able to navigate to a page having an tryEditor from Time Complexity page"]]>
              </value>
            </param>
            <param index="1">
              <value>
                <![CDATA["performing Data Structures-Introduction"]]>
              </value>
            </param>
          </params>
          <reporter-output>
          </reporter-output>
        </test-method> <!-- runScenario -->
        <test-method signature="runScenario(io.cucumber.testng.PickleWrapper,io.cucumber.testng.FeatureWrapper)[pri:0, instance:runner.TestRunner@7188af83]" started-at="2023-06-25T18:32:27 EDT" name="runScenario" description="Runs Cucumber Scenarios" data-provider="scenarios" finished-at="2023-06-25T18:32:28 EDT" duration-ms="544" status="PASS">
          <params>
            <param index="0">
              <value>
                <![CDATA["The user is able to run code in tryEditor for Time Complexity page"]]>
              </value>
            </param>
            <param index="1">
              <value>
                <![CDATA["performing Data Structures-Introduction"]]>
              </value>
            </param>
          </params>
          <reporter-output>
          </reporter-output>
        </test-method> <!-- runScenario -->
        <test-method signature="runScenario(io.cucumber.testng.PickleWrapper,io.cucumber.testng.FeatureWrapper)[pri:0, instance:runner.TestRunner@7188af83]" started-at="2023-06-25T18:32:28 EDT" name="runScenario" description="Runs Cucumber Scenarios" data-provider="scenarios" finished-at="2023-06-25T18:32:28 EDT" duration-ms="481" status="PASS">
          <params>
            <param index="0">
              <value>
                <![CDATA["The user is presented with error message for code with invalid syntax in tryEditor for Time Complexity page"]]>
              </value>
            </param>
            <param index="1">
              <value>
                <![CDATA["performing Data Structures-Introduction"]]>
              </value>
            </param>
          </params>
          <reporter-output>
          </reporter-output>
        </test-method> <!-- runScenario -->
        <test-method signature="runScenario(io.cucumber.testng.PickleWrapper,io.cucumber.testng.FeatureWrapper)[pri:0, instance:runner.TestRunner@7188af83]" started-at="2023-06-25T18:32:28 EDT" name="runScenario" description="Runs Cucumber Scenarios" data-provider="scenarios" finished-at="2023-06-25T18:32:29 EDT" duration-ms="376" status="PASS">
          <params>
            <param index="0">
              <value>
                <![CDATA["user is on homepage"]]>
              </value>
            </param>
            <param index="1">
              <value>
                <![CDATA["validating Array Page"]]>
              </value>
            </param>
          </params>
          <reporter-output>
          </reporter-output>
        </test-method> <!-- runScenario -->
        <test-method signature="runScenario(io.cucumber.testng.PickleWrapper,io.cucumber.testng.FeatureWrapper)[pri:0, instance:runner.TestRunner@7188af83]" started-at="2023-06-25T18:32:29 EDT" name="runScenario" description="Runs Cucumber Scenarios" data-provider="scenarios" finished-at="2023-06-25T18:32:29 EDT" duration-ms="628" status="PASS">
          <params>
            <param index="0">
              <value>
                <![CDATA["Validation of Arrays in Python link"]]>
              </value>
            </param>
            <param index="1">
              <value>
                <![CDATA["validating Array Page"]]>
              </value>
            </param>
          </params>
          <reporter-output>
          </reporter-output>
        </test-method> <!-- runScenario -->
        <test-method signature="runScenario(io.cucumber.testng.PickleWrapper,io.cucumber.testng.FeatureWrapper)[pri:0, instance:runner.TestRunner@7188af83]" started-at="2023-06-25T18:32:29 EDT" name="runScenario" description="Runs Cucumber Scenarios" data-provider="scenarios" finished-at="2023-06-25T18:32:30 EDT" duration-ms="411" status="PASS">
          <params>
            <param index="0">
              <value>
                <![CDATA["Validation of Try Here button"]]>
              </value>
            </param>
            <param index="1">
              <value>
                <![CDATA["validating Array Page"]]>
              </value>
            </param>
          </params>
          <reporter-output>
          </reporter-output>
        </test-method> <!-- runScenario -->
        <test-method signature="runScenario(io.cucumber.testng.PickleWrapper,io.cucumber.testng.FeatureWrapper)[pri:0, instance:runner.TestRunner@7188af83]" started-at="2023-06-25T18:32:30 EDT" name="runScenario" description="Runs Cucumber Scenarios" data-provider="scenarios" finished-at="2023-06-25T18:32:30 EDT" duration-ms="481" status="PASS">
          <params>
            <param index="0">
              <value>
                <![CDATA["The user is able to run code in tryEditor"]]>
              </value>
            </param>
            <param index="1">
              <value>
                <![CDATA["validating Array Page"]]>
              </value>
            </param>
          </params>
          <reporter-output>
          </reporter-output>
        </test-method> <!-- runScenario -->
        <test-method signature="runScenario(io.cucumber.testng.PickleWrapper,io.cucumber.testng.FeatureWrapper)[pri:0, instance:runner.TestRunner@7188af83]" started-at="2023-06-25T18:32:30 EDT" name="runScenario" description="Runs Cucumber Scenarios" data-provider="scenarios" finished-at="2023-06-25T18:32:31 EDT" duration-ms="466" status="PASS">
          <params>
            <param index="0">
              <value>
                <![CDATA["The user is able to run code in tryEditor"]]>
              </value>
            </param>
            <param index="1">
              <value>
                <![CDATA["validating Array Page"]]>
              </value>
            </param>
          </params>
          <reporter-output>
          </reporter-output>
        </test-method> <!-- runScenario -->
        <test-method signature="runScenario(io.cucumber.testng.PickleWrapper,io.cucumber.testng.FeatureWrapper)[pri:0, instance:runner.TestRunner@7188af83]" started-at="2023-06-25T18:32:31 EDT" name="runScenario" description="Runs Cucumber Scenarios" data-provider="scenarios" finished-at="2023-06-25T18:32:31 EDT" duration-ms="436" status="PASS">
          <params>
            <param index="0">
              <value>
                <![CDATA["Validation of Arrays Using List link"]]>
              </value>
            </param>
            <param index="1">
              <value>
                <![CDATA["validating Array Page"]]>
              </value>
            </param>
          </params>
          <reporter-output>
          </reporter-output>
        </test-method> <!-- runScenario -->
        <test-method signature="runScenario(io.cucumber.testng.PickleWrapper,io.cucumber.testng.FeatureWrapper)[pri:0, instance:runner.TestRunner@7188af83]" started-at="2023-06-25T18:32:31 EDT" name="runScenario" description="Runs Cucumber Scenarios" data-provider="scenarios" finished-at="2023-06-25T18:32:31 EDT" duration-ms="360" status="PASS">
          <params>
            <param index="0">
              <value>
                <![CDATA["Validation of Try Here button"]]>
              </value>
            </param>
            <param index="1">
              <value>
                <![CDATA["validating Array Page"]]>
              </value>
            </param>
          </params>
          <reporter-output>
          </reporter-output>
        </test-method> <!-- runScenario -->
        <test-method signature="runScenario(io.cucumber.testng.PickleWrapper,io.cucumber.testng.FeatureWrapper)[pri:0, instance:runner.TestRunner@7188af83]" started-at="2023-06-25T18:32:31 EDT" name="runScenario" description="Runs Cucumber Scenarios" data-provider="scenarios" finished-at="2023-06-25T18:32:32 EDT" duration-ms="506" status="PASS">
          <params>
            <param index="0">
              <value>
                <![CDATA["Validation of valid python code in TryEditor page using Arrays Using List"]]>
              </value>
            </param>
            <param index="1">
              <value>
                <![CDATA["validating Array Page"]]>
              </value>
            </param>
          </params>
          <reporter-output>
          </reporter-output>
        </test-method> <!-- runScenario -->
        <test-method signature="runScenario(io.cucumber.testng.PickleWrapper,io.cucumber.testng.FeatureWrapper)[pri:0, instance:runner.TestRunner@7188af83]" started-at="2023-06-25T18:32:32 EDT" name="runScenario" description="Runs Cucumber Scenarios" data-provider="scenarios" finished-at="2023-06-25T18:32:32 EDT" duration-ms="428" status="PASS">
          <params>
            <param index="0">
              <value>
                <![CDATA["The user is able to run code in tryEditor"]]>
              </value>
            </param>
            <param index="1">
              <value>
                <![CDATA["validating Array Page"]]>
              </value>
            </param>
          </params>
          <reporter-output>
          </reporter-output>
        </test-method> <!-- runScenario -->
        <test-method signature="runScenario(io.cucumber.testng.PickleWrapper,io.cucumber.testng.FeatureWrapper)[pri:0, instance:runner.TestRunner@7188af83]" started-at="2023-06-25T18:32:32 EDT" name="runScenario" description="Runs Cucumber Scenarios" data-provider="scenarios" finished-at="2023-06-25T18:32:33 EDT" duration-ms="458" status="PASS">
          <params>
            <param index="0">
              <value>
                <![CDATA["Validation of Basic Operations in Lists link"]]>
              </value>
            </param>
            <param index="1">
              <value>
                <![CDATA["validating Array Page"]]>
              </value>
            </param>
          </params>
          <reporter-output>
          </reporter-output>
        </test-method> <!-- runScenario -->
        <test-method signature="runScenario(io.cucumber.testng.PickleWrapper,io.cucumber.testng.FeatureWrapper)[pri:0, instance:runner.TestRunner@7188af83]" started-at="2023-06-25T18:32:33 EDT" name="runScenario" description="Runs Cucumber Scenarios" data-provider="scenarios" finished-at="2023-06-25T18:32:34 EDT" duration-ms="620" status="PASS">
          <params>
            <param index="0">
              <value>
                <![CDATA["Validation of valid python code in TryEditor page for Basic Operations in Lists"]]>
              </value>
            </param>
            <param index="1">
              <value>
                <![CDATA["validating Array Page"]]>
              </value>
            </param>
          </params>
          <reporter-output>
          </reporter-output>
        </test-method> <!-- runScenario -->
        <test-method signature="runScenario(io.cucumber.testng.PickleWrapper,io.cucumber.testng.FeatureWrapper)[pri:0, instance:runner.TestRunner@7188af83]" started-at="2023-06-25T18:32:34 EDT" name="runScenario" description="Runs Cucumber Scenarios" data-provider="scenarios" finished-at="2023-06-25T18:32:34 EDT" duration-ms="528" status="PASS">
          <params>
            <param index="0">
              <value>
                <![CDATA["Validation of valid python code in TryEditor page for Basic Operations in Lists"]]>
              </value>
            </param>
            <param index="1">
              <value>
                <![CDATA["validating Array Page"]]>
              </value>
            </param>
          </params>
          <reporter-output>
          </reporter-output>
        </test-method> <!-- runScenario -->
        <test-method signature="runScenario(io.cucumber.testng.PickleWrapper,io.cucumber.testng.FeatureWrapper)[pri:0, instance:runner.TestRunner@7188af83]" started-at="2023-06-25T18:32:34 EDT" name="runScenario" description="Runs Cucumber Scenarios" data-provider="scenarios" finished-at="2023-06-25T18:32:34 EDT" duration-ms="443" status="PASS">
          <params>
            <param index="0">
              <value>
                <![CDATA["Validation of Applications of Arrays link"]]>
              </value>
            </param>
            <param index="1">
              <value>
                <![CDATA["validating Array Page"]]>
              </value>
            </param>
          </params>
          <reporter-output>
          </reporter-output>
        </test-method> <!-- runScenario -->
        <test-method signature="runScenario(io.cucumber.testng.PickleWrapper,io.cucumber.testng.FeatureWrapper)[pri:0, instance:runner.TestRunner@7188af83]" started-at="2023-06-25T18:32:34 EDT" name="runScenario" description="Runs Cucumber Scenarios" data-provider="scenarios" finished-at="2023-06-25T18:32:35 EDT" duration-ms="339" status="PASS">
          <params>
            <param index="0">
              <value>
                <![CDATA["Validation of Practice Questions link"]]>
              </value>
            </param>
            <param index="1">
              <value>
                <![CDATA["validating Array Page"]]>
              </value>
            </param>
          </params>
          <reporter-output>
          </reporter-output>
        </test-method> <!-- runScenario -->
        <test-method signature="runScenario(io.cucumber.testng.PickleWrapper,io.cucumber.testng.FeatureWrapper)[pri:0, instance:runner.TestRunner@7188af83]" started-at="2023-06-25T18:32:35 EDT" name="runScenario" description="Runs Cucumber Scenarios" data-provider="scenarios" finished-at="2023-06-25T18:32:35 EDT" duration-ms="405" status="PASS">
          <params>
            <param index="0">
              <value>
                <![CDATA["Validation of Search the Array link"]]>
              </value>
            </param>
            <param index="1">
              <value>
                <![CDATA["validating Array Page"]]>
              </value>
            </param>
          </params>
          <reporter-output>
          </reporter-output>
        </test-method> <!-- runScenario -->
        <test-method signature="runScenario(io.cucumber.testng.PickleWrapper,io.cucumber.testng.FeatureWrapper)[pri:0, instance:runner.TestRunner@7188af83]" started-at="2023-06-25T18:32:35 EDT" name="runScenario" description="Runs Cucumber Scenarios" data-provider="scenarios" finished-at="2023-06-25T18:32:36 EDT" duration-ms="556" status="PASS">
          <params>
            <param index="0">
              <value>
                <![CDATA["Validation of valid python code in Practice Questions page for Search for Array link"]]>
              </value>
            </param>
            <param index="1">
              <value>
                <![CDATA["validating Array Page"]]>
              </value>
            </param>
          </params>
          <reporter-output>
          </reporter-output>
        </test-method> <!-- runScenario -->
        <test-method signature="runScenario(io.cucumber.testng.PickleWrapper,io.cucumber.testng.FeatureWrapper)[pri:0, instance:runner.TestRunner@7188af83]" started-at="2023-06-25T18:32:36 EDT" name="runScenario" description="Runs Cucumber Scenarios" data-provider="scenarios" finished-at="2023-06-25T18:32:36 EDT" duration-ms="413" status="PASS">
          <params>
            <param index="0">
              <value>
                <![CDATA["Validation of Find Numbers with Even Number of Digits link"]]>
              </value>
            </param>
            <param index="1">
              <value>
                <![CDATA["validating Array Page"]]>
              </value>
            </param>
          </params>
          <reporter-output>
          </reporter-output>
        </test-method> <!-- runScenario -->
        <test-method signature="runScenario(io.cucumber.testng.PickleWrapper,io.cucumber.testng.FeatureWrapper)[pri:0, instance:runner.TestRunner@7188af83]" started-at="2023-06-25T18:32:36 EDT" name="runScenario" description="Runs Cucumber Scenarios" data-provider="scenarios" finished-at="2023-06-25T18:32:37 EDT" duration-ms="1089" status="PASS">
          <params>
            <param index="0">
              <value>
                <![CDATA["Validation of Submit button in Practice Questions page for Find Numbers with Even Numbers of Digits link"]]>
              </value>
            </param>
            <param index="1">
              <value>
                <![CDATA["validating Array Page"]]>
              </value>
            </param>
          </params>
          <reporter-output>
          </reporter-output>
        </test-method> <!-- runScenario -->
        <test-method signature="runScenario(io.cucumber.testng.PickleWrapper,io.cucumber.testng.FeatureWrapper)[pri:0, instance:runner.TestRunner@7188af83]" started-at="2023-06-25T18:32:37 EDT" name="runScenario" description="Runs Cucumber Scenarios" data-provider="scenarios" finished-at="2023-06-25T18:32:38 EDT" duration-ms="385" status="PASS">
          <params>
            <param index="0">
              <value>
                <![CDATA["Validation of Squares of a Sorted Array link Squares of a Sorted Array link"]]>
              </value>
            </param>
            <param index="1">
              <value>
                <![CDATA["validating Array Page"]]>
              </value>
            </param>
          </params>
          <reporter-output>
          </reporter-output>
        </test-method> <!-- runScenario -->
        <test-method signature="runScenario(io.cucumber.testng.PickleWrapper,io.cucumber.testng.FeatureWrapper)[pri:0, instance:runner.TestRunner@7188af83]" started-at="2023-06-25T18:32:38 EDT" name="runScenario" description="Runs Cucumber Scenarios" data-provider="scenarios" finished-at="2023-06-25T18:32:39 EDT" duration-ms="1121" status="PASS">
          <params>
            <param index="0">
              <value>
                <![CDATA["Validation of Submit button in Practice Questions page for Find Numbers with Even Numbers of Digits link"]]>
              </value>
            </param>
            <param index="1">
              <value>
                <![CDATA["validating Array Page"]]>
              </value>
            </param>
          </params>
          <reporter-output>
          </reporter-output>
        </test-method> <!-- runScenario -->
        <test-method signature="runScenario(io.cucumber.testng.PickleWrapper,io.cucumber.testng.FeatureWrapper)[pri:0, instance:runner.TestRunner@7188af83]" started-at="2023-06-25T18:32:39 EDT" name="runScenario" description="Runs Cucumber Scenarios" data-provider="scenarios" finished-at="2023-06-25T18:32:39 EDT" duration-ms="402" status="PASS">
          <params>
            <param index="0">
              <value>
                <![CDATA["User should be able to navigate to LinkedList Data Structure Page"]]>
              </value>
            </param>
            <param index="1">
              <value>
                <![CDATA["Linked List page validation dsalgo"]]>
              </value>
            </param>
          </params>
          <reporter-output>
          </reporter-output>
        </test-method> <!-- runScenario -->
        <test-method signature="runScenario(io.cucumber.testng.PickleWrapper,io.cucumber.testng.FeatureWrapper)[pri:0, instance:runner.TestRunner@7188af83]" started-at="2023-06-25T18:32:39 EDT" name="runScenario" description="Runs Cucumber Scenarios" data-provider="scenarios" finished-at="2023-06-25T18:32:39 EDT" duration-ms="248" status="PASS">
          <params>
            <param index="0">
              <value>
                <![CDATA["User navigated to Introduction page"]]>
              </value>
            </param>
            <param index="1">
              <value>
                <![CDATA["Linked List page validation dsalgo"]]>
              </value>
            </param>
          </params>
          <reporter-output>
          </reporter-output>
        </test-method> <!-- runScenario -->
        <test-method signature="runScenario(io.cucumber.testng.PickleWrapper,io.cucumber.testng.FeatureWrapper)[pri:0, instance:runner.TestRunner@7188af83]" started-at="2023-06-25T18:32:39 EDT" name="runScenario" description="Runs Cucumber Scenarios" data-provider="scenarios" finished-at="2023-06-25T18:32:40 EDT" duration-ms="326" status="PASS">
          <params>
            <param index="0">
              <value>
                <![CDATA["User navigated to tryEditor page from Introduction page"]]>
              </value>
            </param>
            <param index="1">
              <value>
                <![CDATA["Linked List page validation dsalgo"]]>
              </value>
            </param>
          </params>
          <reporter-output>
          </reporter-output>
        </test-method> <!-- runScenario -->
        <test-method signature="runScenario(io.cucumber.testng.PickleWrapper,io.cucumber.testng.FeatureWrapper)[pri:0, instance:runner.TestRunner@7188af83]" started-at="2023-06-25T18:32:40 EDT" name="runScenario" description="Runs Cucumber Scenarios" data-provider="scenarios" finished-at="2023-06-25T18:32:40 EDT" duration-ms="447" status="PASS">
          <params>
            <param index="0">
              <value>
                <![CDATA["User enters valid Python code and Presented with  Result"]]>
              </value>
            </param>
            <param index="1">
              <value>
                <![CDATA["Linked List page validation dsalgo"]]>
              </value>
            </param>
          </params>
          <reporter-output>
          </reporter-output>
        </test-method> <!-- runScenario -->
        <test-method signature="runScenario(io.cucumber.testng.PickleWrapper,io.cucumber.testng.FeatureWrapper)[pri:0, instance:runner.TestRunner@7188af83]" started-at="2023-06-25T18:32:40 EDT" name="runScenario" description="Runs Cucumber Scenarios" data-provider="scenarios" finished-at="2023-06-25T18:32:41 EDT" duration-ms="480" status="PASS">
          <params>
            <param index="0">
              <value>
                <![CDATA["User navigated to creating linked list  page"]]>
              </value>
            </param>
            <param index="1">
              <value>
                <![CDATA["Linked List page validation dsalgo"]]>
              </value>
            </param>
          </params>
          <reporter-output>
          </reporter-output>
        </test-method> <!-- runScenario -->
        <test-method signature="runScenario(io.cucumber.testng.PickleWrapper,io.cucumber.testng.FeatureWrapper)[pri:0, instance:runner.TestRunner@7188af83]" started-at="2023-06-25T18:32:41 EDT" name="runScenario" description="Runs Cucumber Scenarios" data-provider="scenarios" finished-at="2023-06-25T18:32:41 EDT" duration-ms="219" status="PASS">
          <params>
            <param index="0">
              <value>
                <![CDATA["User navigated to tryEditor page  from Creating a Linked List page"]]>
              </value>
            </param>
            <param index="1">
              <value>
                <![CDATA["Linked List page validation dsalgo"]]>
              </value>
            </param>
          </params>
          <reporter-output>
          </reporter-output>
        </test-method> <!-- runScenario -->
        <test-method signature="runScenario(io.cucumber.testng.PickleWrapper,io.cucumber.testng.FeatureWrapper)[pri:0, instance:runner.TestRunner@7188af83]" started-at="2023-06-25T18:32:41 EDT" name="runScenario" description="Runs Cucumber Scenarios" data-provider="scenarios" finished-at="2023-06-25T18:32:42 EDT" duration-ms="1419" status="PASS">
          <params>
            <param index="0">
              <value>
                <![CDATA["User gets error message by passing  invalid pyhton code for Creating a Linked List page"]]>
              </value>
            </param>
            <param index="1">
              <value>
                <![CDATA["Linked List page validation dsalgo"]]>
              </value>
            </param>
          </params>
          <reporter-output>
          </reporter-output>
        </test-method> <!-- runScenario -->
        <test-method signature="runScenario(io.cucumber.testng.PickleWrapper,io.cucumber.testng.FeatureWrapper)[pri:0, instance:runner.TestRunner@7188af83]" started-at="2023-06-25T18:32:42 EDT" name="runScenario" description="Runs Cucumber Scenarios" data-provider="scenarios" finished-at="2023-06-25T18:32:43 EDT" duration-ms="490" status="PASS">
          <params>
            <param index="0">
              <value>
                <![CDATA["User navigated to Types of linked list page"]]>
              </value>
            </param>
            <param index="1">
              <value>
                <![CDATA["Linked List page validation dsalgo"]]>
              </value>
            </param>
          </params>
          <reporter-output>
          </reporter-output>
        </test-method> <!-- runScenario -->
        <test-method signature="runScenario(io.cucumber.testng.PickleWrapper,io.cucumber.testng.FeatureWrapper)[pri:0, instance:runner.TestRunner@7188af83]" started-at="2023-06-25T18:32:43 EDT" name="runScenario" description="Runs Cucumber Scenarios" data-provider="scenarios" finished-at="2023-06-25T18:32:43 EDT" duration-ms="180" status="PASS">
          <params>
            <param index="0">
              <value>
                <![CDATA["User navigated to tryEditor page with Run button from Types of Linked List page"]]>
              </value>
            </param>
            <param index="1">
              <value>
                <![CDATA["Linked List page validation dsalgo"]]>
              </value>
            </param>
          </params>
          <reporter-output>
          </reporter-output>
        </test-method> <!-- runScenario -->
        <test-method signature="runScenario(io.cucumber.testng.PickleWrapper,io.cucumber.testng.FeatureWrapper)[pri:0, instance:runner.TestRunner@7188af83]" started-at="2023-06-25T18:32:43 EDT" name="runScenario" description="Runs Cucumber Scenarios" data-provider="scenarios" finished-at="2023-06-25T18:32:44 EDT" duration-ms="480" status="PASS">
          <params>
            <param index="0">
              <value>
                <![CDATA["User run the code in tryEditor with valid input for Types of Linked List page"]]>
              </value>
            </param>
            <param index="1">
              <value>
                <![CDATA["Linked List page validation dsalgo"]]>
              </value>
            </param>
          </params>
          <reporter-output>
          </reporter-output>
        </test-method> <!-- runScenario -->
        <test-method signature="runScenario(io.cucumber.testng.PickleWrapper,io.cucumber.testng.FeatureWrapper)[pri:0, instance:runner.TestRunner@7188af83]" started-at="2023-06-25T18:32:44 EDT" name="runScenario" description="Runs Cucumber Scenarios" data-provider="scenarios" finished-at="2023-06-25T18:32:44 EDT" duration-ms="430" status="PASS">
          <params>
            <param index="0">
              <value>
                <![CDATA["User navigated to Implementation linked list in python page"]]>
              </value>
            </param>
            <param index="1">
              <value>
                <![CDATA["Linked List page validation dsalgo"]]>
              </value>
            </param>
          </params>
          <reporter-output>
          </reporter-output>
        </test-method> <!-- runScenario -->
        <test-method signature="runScenario(io.cucumber.testng.PickleWrapper,io.cucumber.testng.FeatureWrapper)[pri:0, instance:runner.TestRunner@7188af83]" started-at="2023-06-25T18:32:44 EDT" name="runScenario" description="Runs Cucumber Scenarios" data-provider="scenarios" finished-at="2023-06-25T18:32:44 EDT" duration-ms="185" status="PASS">
          <params>
            <param index="0">
              <value>
                <![CDATA["User navigated to tryEditor page with Run button from Implement Linked List in Python page"]]>
              </value>
            </param>
            <param index="1">
              <value>
                <![CDATA["Linked List page validation dsalgo"]]>
              </value>
            </param>
          </params>
          <reporter-output>
          </reporter-output>
        </test-method> <!-- runScenario -->
        <test-method signature="runScenario(io.cucumber.testng.PickleWrapper,io.cucumber.testng.FeatureWrapper)[pri:0, instance:runner.TestRunner@7188af83]" started-at="2023-06-25T18:32:44 EDT" name="runScenario" description="Runs Cucumber Scenarios" data-provider="scenarios" finished-at="2023-06-25T18:32:44 EDT" duration-ms="354" status="PASS">
          <params>
            <param index="0">
              <value>
                <![CDATA["User enters valid Python code and Presented with  Result"]]>
              </value>
            </param>
            <param index="1">
              <value>
                <![CDATA["Linked List page validation dsalgo"]]>
              </value>
            </param>
          </params>
          <reporter-output>
          </reporter-output>
        </test-method> <!-- runScenario -->
        <test-method signature="runScenario(io.cucumber.testng.PickleWrapper,io.cucumber.testng.FeatureWrapper)[pri:0, instance:runner.TestRunner@7188af83]" started-at="2023-06-25T18:32:44 EDT" name="runScenario" description="Runs Cucumber Scenarios" data-provider="scenarios" finished-at="2023-06-25T18:32:45 EDT" duration-ms="469" status="PASS">
          <params>
            <param index="0">
              <value>
                <![CDATA["User navigated to Traversal Page"]]>
              </value>
            </param>
            <param index="1">
              <value>
                <![CDATA["Linked List page validation dsalgo"]]>
              </value>
            </param>
          </params>
          <reporter-output>
          </reporter-output>
        </test-method> <!-- runScenario -->
        <test-method signature="runScenario(io.cucumber.testng.PickleWrapper,io.cucumber.testng.FeatureWrapper)[pri:0, instance:runner.TestRunner@7188af83]" started-at="2023-06-25T18:32:45 EDT" name="runScenario" description="Runs Cucumber Scenarios" data-provider="scenarios" finished-at="2023-06-25T18:32:45 EDT" duration-ms="197" status="PASS">
          <params>
            <param index="0">
              <value>
                <![CDATA["User navigated to tryEditor page with Run button from Traversal page"]]>
              </value>
            </param>
            <param index="1">
              <value>
                <![CDATA["Linked List page validation dsalgo"]]>
              </value>
            </param>
          </params>
          <reporter-output>
          </reporter-output>
        </test-method> <!-- runScenario -->
        <test-method signature="runScenario(io.cucumber.testng.PickleWrapper,io.cucumber.testng.FeatureWrapper)[pri:0, instance:runner.TestRunner@7188af83]" started-at="2023-06-25T18:32:45 EDT" name="runScenario" description="Runs Cucumber Scenarios" data-provider="scenarios" finished-at="2023-06-25T18:32:46 EDT" duration-ms="576" status="PASS">
          <params>
            <param index="0">
              <value>
                <![CDATA["User run the code in tryEditor with valid input for Traversal page"]]>
              </value>
            </param>
            <param index="1">
              <value>
                <![CDATA["Linked List page validation dsalgo"]]>
              </value>
            </param>
          </params>
          <reporter-output>
          </reporter-output>
        </test-method> <!-- runScenario -->
        <test-method signature="runScenario(io.cucumber.testng.PickleWrapper,io.cucumber.testng.FeatureWrapper)[pri:0, instance:runner.TestRunner@7188af83]" started-at="2023-06-25T18:32:46 EDT" name="runScenario" description="Runs Cucumber Scenarios" data-provider="scenarios" finished-at="2023-06-25T18:32:46 EDT" duration-ms="455" status="PASS">
          <params>
            <param index="0">
              <value>
                <![CDATA["User navigated to Insertion page"]]>
              </value>
            </param>
            <param index="1">
              <value>
                <![CDATA["Linked List page validation dsalgo"]]>
              </value>
            </param>
          </params>
          <reporter-output>
          </reporter-output>
        </test-method> <!-- runScenario -->
        <test-method signature="runScenario(io.cucumber.testng.PickleWrapper,io.cucumber.testng.FeatureWrapper)[pri:0, instance:runner.TestRunner@7188af83]" started-at="2023-06-25T18:32:46 EDT" name="runScenario" description="Runs Cucumber Scenarios" data-provider="scenarios" finished-at="2023-06-25T18:32:46 EDT" duration-ms="198" status="PASS">
          <params>
            <param index="0">
              <value>
                <![CDATA["User navigated to tryEditor page with Run button from Insertion page"]]>
              </value>
            </param>
            <param index="1">
              <value>
                <![CDATA["Linked List page validation dsalgo"]]>
              </value>
            </param>
          </params>
          <reporter-output>
          </reporter-output>
        </test-method> <!-- runScenario -->
        <test-method signature="runScenario(io.cucumber.testng.PickleWrapper,io.cucumber.testng.FeatureWrapper)[pri:0, instance:runner.TestRunner@7188af83]" started-at="2023-06-25T18:32:46 EDT" name="runScenario" description="Runs Cucumber Scenarios" data-provider="scenarios" finished-at="2023-06-25T18:32:47 EDT" duration-ms="234" status="PASS">
          <params>
            <param index="0">
              <value>
                <![CDATA["User run the code in tryEditor with valid input for Insertion page"]]>
              </value>
            </param>
            <param index="1">
              <value>
                <![CDATA["Linked List page validation dsalgo"]]>
              </value>
            </param>
          </params>
          <reporter-output>
          </reporter-output>
        </test-method> <!-- runScenario -->
        <test-method signature="runScenario(io.cucumber.testng.PickleWrapper,io.cucumber.testng.FeatureWrapper)[pri:0, instance:runner.TestRunner@7188af83]" started-at="2023-06-25T18:32:47 EDT" name="runScenario" description="Runs Cucumber Scenarios" data-provider="scenarios" finished-at="2023-06-25T18:32:47 EDT" duration-ms="438" status="PASS">
          <params>
            <param index="0">
              <value>
                <![CDATA["User navigated to Deletion page"]]>
              </value>
            </param>
            <param index="1">
              <value>
                <![CDATA["Linked List page validation dsalgo"]]>
              </value>
            </param>
          </params>
          <reporter-output>
          </reporter-output>
        </test-method> <!-- runScenario -->
        <test-method signature="runScenario(io.cucumber.testng.PickleWrapper,io.cucumber.testng.FeatureWrapper)[pri:0, instance:runner.TestRunner@7188af83]" started-at="2023-06-25T18:32:47 EDT" name="runScenario" description="Runs Cucumber Scenarios" data-provider="scenarios" finished-at="2023-06-25T18:32:47 EDT" duration-ms="208" status="PASS">
          <params>
            <param index="0">
              <value>
                <![CDATA["User navigated to tryEditor page with Run button from Deletion page"]]>
              </value>
            </param>
            <param index="1">
              <value>
                <![CDATA["Linked List page validation dsalgo"]]>
              </value>
            </param>
          </params>
          <reporter-output>
          </reporter-output>
        </test-method> <!-- runScenario -->
        <test-method signature="runScenario(io.cucumber.testng.PickleWrapper,io.cucumber.testng.FeatureWrapper)[pri:0, instance:runner.TestRunner@7188af83]" started-at="2023-06-25T18:32:47 EDT" name="runScenario" description="Runs Cucumber Scenarios" data-provider="scenarios" finished-at="2023-06-25T18:32:48 EDT" duration-ms="309" status="PASS">
          <params>
            <param index="0">
              <value>
                <![CDATA["User run the code in tryEditor with valid input for Deletion page"]]>
              </value>
            </param>
            <param index="1">
              <value>
                <![CDATA["Linked List page validation dsalgo"]]>
              </value>
            </param>
          </params>
          <reporter-output>
          </reporter-output>
        </test-method> <!-- runScenario -->
        <test-method signature="runScenario(io.cucumber.testng.PickleWrapper,io.cucumber.testng.FeatureWrapper)[pri:0, instance:runner.TestRunner@7188af83]" started-at="2023-06-25T18:32:48 EDT" name="runScenario" description="Runs Cucumber Scenarios" data-provider="scenarios" finished-at="2023-06-25T18:32:48 EDT" duration-ms="374" status="PASS">
          <params>
            <param index="0">
              <value>
                <![CDATA["The user is validating Practice Questions page"]]>
              </value>
            </param>
            <param index="1">
              <value>
                <![CDATA["Linked List page validation dsalgo"]]>
              </value>
            </param>
          </params>
          <reporter-output>
          </reporter-output>
        </test-method> <!-- runScenario -->
        <test-method signature="runScenario(io.cucumber.testng.PickleWrapper,io.cucumber.testng.FeatureWrapper)[pri:0, instance:runner.TestRunner@7188af83]" started-at="2023-06-25T18:32:48 EDT" name="runScenario" description="Runs Cucumber Scenarios" data-provider="scenarios" finished-at="2023-06-25T18:32:48 EDT" duration-ms="353" status="PASS">
          <params>
            <param index="0">
              <value>
                <![CDATA["user is on homepage"]]>
              </value>
            </param>
            <param index="1">
              <value>
                <![CDATA["performing Stack"]]>
              </value>
            </param>
          </params>
          <reporter-output>
          </reporter-output>
        </test-method> <!-- runScenario -->
        <test-method signature="runScenario(io.cucumber.testng.PickleWrapper,io.cucumber.testng.FeatureWrapper)[pri:0, instance:runner.TestRunner@7188af83]" started-at="2023-06-25T18:32:48 EDT" name="runScenario" description="Runs Cucumber Scenarios" data-provider="scenarios" finished-at="2023-06-25T18:32:49 EDT" duration-ms="316" status="PASS">
          <params>
            <param index="0">
              <value>
                <![CDATA["The user is able to navigate to "Operations in Stack" page"]]>
              </value>
            </param>
            <param index="1">
              <value>
                <![CDATA["performing Stack"]]>
              </value>
            </param>
          </params>
          <reporter-output>
          </reporter-output>
        </test-method> <!-- runScenario -->
        <test-method signature="runScenario(io.cucumber.testng.PickleWrapper,io.cucumber.testng.FeatureWrapper)[pri:0, instance:runner.TestRunner@7188af83]" started-at="2023-06-25T18:32:49 EDT" name="runScenario" description="Runs Cucumber Scenarios" data-provider="scenarios" finished-at="2023-06-25T18:32:49 EDT" duration-ms="300" status="PASS">
          <params>
            <param index="0">
              <value>
                <![CDATA["The user is able to navigate to a page having an tryEditor"]]>
              </value>
            </param>
            <param index="1">
              <value>
                <![CDATA["performing Stack"]]>
              </value>
            </param>
          </params>
          <reporter-output>
          </reporter-output>
        </test-method> <!-- runScenario -->
        <test-method signature="runScenario(io.cucumber.testng.PickleWrapper,io.cucumber.testng.FeatureWrapper)[pri:0, instance:runner.TestRunner@7188af83]" started-at="2023-06-25T18:32:49 EDT" name="runScenario" description="Runs Cucumber Scenarios" data-provider="scenarios" finished-at="2023-06-25T18:32:49 EDT" duration-ms="277" status="PASS">
          <params>
            <param index="0">
              <value>
                <![CDATA["The user is able to run code in tryEditor"]]>
              </value>
            </param>
            <param index="1">
              <value>
                <![CDATA["performing Stack"]]>
              </value>
            </param>
          </params>
          <reporter-output>
          </reporter-output>
        </test-method> <!-- runScenario -->
        <test-method signature="runScenario(io.cucumber.testng.PickleWrapper,io.cucumber.testng.FeatureWrapper)[pri:0, instance:runner.TestRunner@7188af83]" started-at="2023-06-25T18:32:49 EDT" name="runScenario" description="Runs Cucumber Scenarios" data-provider="scenarios" finished-at="2023-06-25T18:32:50 EDT" duration-ms="452" status="PASS">
          <params>
            <param index="0">
              <value>
                <![CDATA["The user is able to run code in tryEditor"]]>
              </value>
            </param>
            <param index="1">
              <value>
                <![CDATA["performing Stack"]]>
              </value>
            </param>
          </params>
          <reporter-output>
          </reporter-output>
        </test-method> <!-- runScenario -->
        <test-method signature="runScenario(io.cucumber.testng.PickleWrapper,io.cucumber.testng.FeatureWrapper)[pri:0, instance:runner.TestRunner@7188af83]" started-at="2023-06-25T18:32:50 EDT" name="runScenario" description="Runs Cucumber Scenarios" data-provider="scenarios" finished-at="2023-06-25T18:32:50 EDT" duration-ms="371" status="PASS">
          <params>
            <param index="0">
              <value>
                <![CDATA["The user is able to navigate to "Practice Questions" in stack Page"]]>
              </value>
            </param>
            <param index="1">
              <value>
                <![CDATA["performing Stack"]]>
              </value>
            </param>
          </params>
          <reporter-output>
          </reporter-output>
        </test-method> <!-- runScenario -->
        <test-method signature="runScenario(io.cucumber.testng.PickleWrapper,io.cucumber.testng.FeatureWrapper)[pri:0, instance:runner.TestRunner@7188af83]" started-at="2023-06-25T18:32:50 EDT" name="runScenario" description="Runs Cucumber Scenarios" data-provider="scenarios" finished-at="2023-06-25T18:32:50 EDT" duration-ms="387" status="PASS">
          <params>
            <param index="0">
              <value>
                <![CDATA["User is naviagted to Queue Data structure from homepage"]]>
              </value>
            </param>
            <param index="1">
              <value>
                <![CDATA["To validate Queue Data Structure"]]>
              </value>
            </param>
          </params>
          <reporter-output>
          </reporter-output>
        </test-method> <!-- runScenario -->
        <test-method signature="runScenario(io.cucumber.testng.PickleWrapper,io.cucumber.testng.FeatureWrapper)[pri:0, instance:runner.TestRunner@7188af83]" started-at="2023-06-25T18:32:50 EDT" name="runScenario" description="Runs Cucumber Scenarios" data-provider="scenarios" finished-at="2023-06-25T18:32:51 EDT" duration-ms="201" status="PASS">
          <params>
            <param index="0">
              <value>
                <![CDATA["User is navigated to Implementation of Queue in Python"]]>
              </value>
            </param>
            <param index="1">
              <value>
                <![CDATA["To validate Queue Data Structure"]]>
              </value>
            </param>
          </params>
          <reporter-output>
          </reporter-output>
        </test-method> <!-- runScenario -->
        <test-method signature="runScenario(io.cucumber.testng.PickleWrapper,io.cucumber.testng.FeatureWrapper)[pri:0, instance:runner.TestRunner@7188af83]" started-at="2023-06-25T18:32:51 EDT" name="runScenario" description="Runs Cucumber Scenarios" data-provider="scenarios" finished-at="2023-06-25T18:32:51 EDT" duration-ms="258" status="PASS">
          <params>
            <param index="0">
              <value>
                <![CDATA["User is navigated to tryEditor Page"]]>
              </value>
            </param>
            <param index="1">
              <value>
                <![CDATA["To validate Queue Data Structure"]]>
              </value>
            </param>
          </params>
          <reporter-output>
          </reporter-output>
        </test-method> <!-- runScenario -->
        <test-method signature="runScenario(io.cucumber.testng.PickleWrapper,io.cucumber.testng.FeatureWrapper)[pri:0, instance:runner.TestRunner@7188af83]" started-at="2023-06-25T18:32:51 EDT" name="runScenario" description="Runs Cucumber Scenarios" data-provider="scenarios" finished-at="2023-06-25T18:32:51 EDT" duration-ms="497" status="PASS">
          <params>
            <param index="0">
              <value>
                <![CDATA["User enters valid Python code and Presented with  Result"]]>
              </value>
            </param>
            <param index="1">
              <value>
                <![CDATA["To validate Queue Data Structure"]]>
              </value>
            </param>
          </params>
          <reporter-output>
          </reporter-output>
        </test-method> <!-- runScenario -->
        <test-method signature="runScenario(io.cucumber.testng.PickleWrapper,io.cucumber.testng.FeatureWrapper)[pri:0, instance:runner.TestRunner@7188af83]" started-at="2023-06-25T18:32:51 EDT" name="runScenario" description="Runs Cucumber Scenarios" data-provider="scenarios" finished-at="2023-06-25T18:32:52 EDT" duration-ms="639" status="PASS">
          <params>
            <param index="0">
              <value>
                <![CDATA["User enters Invalid Python code and Presented with Error Message"]]>
              </value>
            </param>
            <param index="1">
              <value>
                <![CDATA["To validate Queue Data Structure"]]>
              </value>
            </param>
          </params>
          <reporter-output>
          </reporter-output>
        </test-method> <!-- runScenario -->
        <test-method signature="runScenario(io.cucumber.testng.PickleWrapper,io.cucumber.testng.FeatureWrapper)[pri:0, instance:runner.TestRunner@7188af83]" started-at="2023-06-25T18:32:52 EDT" name="runScenario" description="Runs Cucumber Scenarios" data-provider="scenarios" finished-at="2023-06-25T18:32:52 EDT" duration-ms="207" status="PASS">
          <params>
            <param index="0">
              <value>
                <![CDATA["User navigates to Implementation using collections.deque"]]>
              </value>
            </param>
            <param index="1">
              <value>
                <![CDATA["To validate Queue Data Structure"]]>
              </value>
            </param>
          </params>
          <reporter-output>
          </reporter-output>
        </test-method> <!-- runScenario -->
        <test-method signature="runScenario(io.cucumber.testng.PickleWrapper,io.cucumber.testng.FeatureWrapper)[pri:0, instance:runner.TestRunner@7188af83]" started-at="2023-06-25T18:32:52 EDT" name="runScenario" description="Runs Cucumber Scenarios" data-provider="scenarios" finished-at="2023-06-25T18:32:53 EDT" duration-ms="277" status="PASS">
          <params>
            <param index="0">
              <value>
                <![CDATA["User navigates to tryEditor page"]]>
              </value>
            </param>
            <param index="1">
              <value>
[...]
          <params>
            <param index="0">
              <value>
                <![CDATA["The user is able to navigate to a page having an tryEditor from Types of Trees page"]]>
              </value>
            </param>
            <param index="1">
              <value>
                <![CDATA["User tests the Tree page on the Ds algo application"]]>
              </value>
            </param>
          </params>
          <reporter-output>
          </reporter-output>
        </test-method> <!-- runScenario -->
        <test-method signature="runScenario(io.cucumber.testng.PickleWrapper,io.cucumber.testng.FeatureWrapper)[pri:0, instance:runner.TestRunner@7188af83]" started-at="2023-06-25T18:32:57 EDT" name="runScenario" description="Runs Cucumber Scenarios" data-provider="scenarios" finished-at="2023-06-25T18:32:58 EDT" duration-ms="325" status="PASS">
          <params>
            <param index="0">
              <value>
                <![CDATA["User enters valid Python code and Presented with Result"]]>
              </value>
            </param>
            <param index="1">
              <value>
                <![CDATA["User tests the Tree page on the Ds algo application"]]>
              </value>
            </param>
          </params>
          <reporter-output>
          </reporter-output>
        </test-method> <!-- runScenario -->
        <test-method signature="runScenario(io.cucumber.testng.PickleWrapper,io.cucumber.testng.FeatureWrapper)[pri:0, instance:runner.TestRunner@7188af83]" started-at="2023-06-25T18:32:58 EDT" name="runScenario" description="Runs Cucumber Scenarios" data-provider="scenarios" finished-at="2023-06-25T18:32:58 EDT" duration-ms="252" status="PASS">
          <params>
            <param index="0">
              <value>
                <![CDATA["The user is able to navigate to "Tree Traversals" Page"]]>
              </value>
            </param>
            <param index="1">
              <value>
                <![CDATA["User tests the Tree page on the Ds algo application"]]>
              </value>
            </param>
          </params>
          <reporter-output>
          </reporter-output>
        </test-method> <!-- runScenario -->
        <test-method signature="runScenario(io.cucumber.testng.PickleWrapper,io.cucumber.testng.FeatureWrapper)[pri:0, instance:runner.TestRunner@7188af83]" started-at="2023-06-25T18:32:58 EDT" name="runScenario" description="Runs Cucumber Scenarios" data-provider="scenarios" finished-at="2023-06-25T18:32:58 EDT" duration-ms="300" status="PASS">
          <params>
            <param index="0">
              <value>
                <![CDATA["The user is able to navigate to a page having an tryEditor from Tree Traversals Page"]]>
              </value>
            </param>
            <param index="1">
              <value>
                <![CDATA["User tests the Tree page on the Ds algo application"]]>
              </value>
            </param>
          </params>
          <reporter-output>
          </reporter-output>
        </test-method> <!-- runScenario -->
        <test-method signature="runScenario(io.cucumber.testng.PickleWrapper,io.cucumber.testng.FeatureWrapper)[pri:0, instance:runner.TestRunner@7188af83]" started-at="2023-06-25T18:32:58 EDT" name="runScenario" description="Runs Cucumber Scenarios" data-provider="scenarios" finished-at="2023-06-25T18:32:59 EDT" duration-ms="338" status="PASS">
          <params>
            <param index="0">
              <value>
                <![CDATA["User should be able to enter a invalid Python code and Presented with Error Message"]]>
              </value>
            </param>
            <param index="1">
              <value>
                <![CDATA["User tests the Tree page on the Ds algo application"]]>
              </value>
            </param>
          </params>
          <reporter-output>
          </reporter-output>
        </test-method> <!-- runScenario -->
        <test-method signature="runScenario(io.cucumber.testng.PickleWrapper,io.cucumber.testng.FeatureWrapper)[pri:0, instance:runner.TestRunner@7188af83]" started-at="2023-06-25T18:32:59 EDT" name="runScenario" description="Runs Cucumber Scenarios" data-provider="scenarios" finished-at="2023-06-25T18:32:59 EDT" duration-ms="241" status="PASS">
          <params>
            <param index="0">
              <value>
                <![CDATA["The user is able to navigate to "Traversals illustration" Page"]]>
              </value>
            </param>
            <param index="1">
              <value>
                <![CDATA["User tests the Tree page on the Ds algo application"]]>
              </value>
            </param>
          </params>
          <reporter-output>
          </reporter-output>
        </test-method> <!-- runScenario -->
        <test-method signature="runScenario(io.cucumber.testng.PickleWrapper,io.cucumber.testng.FeatureWrapper)[pri:0, instance:runner.TestRunner@7188af83]" started-at="2023-06-25T18:32:59 EDT" name="runScenario" description="Runs Cucumber Scenarios" data-provider="scenarios" finished-at="2023-06-25T18:32:59 EDT" duration-ms="284" status="PASS">
          <params>
            <param index="0">
              <value>
                <![CDATA["The user is able to navigate to a page having an tryEditor from Traversals-Illustration Page"]]>
              </value>
            </param>
            <param index="1">
              <value>
                <![CDATA["User tests the Tree page on the Ds algo application"]]>
              </value>
            </param>
          </params>
          <reporter-output>
          </reporter-output>
        </test-method> <!-- runScenario -->
        <test-method signature="runScenario(io.cucumber.testng.PickleWrapper,io.cucumber.testng.FeatureWrapper)[pri:0, instance:runner.TestRunner@7188af83]" started-at="2023-06-25T18:32:59 EDT" name="runScenario" description="Runs Cucumber Scenarios" data-provider="scenarios" finished-at="2023-06-25T18:32:59 EDT" duration-ms="392" status="PASS">
          <params>
            <param index="0">
              <value>
                <![CDATA["User enters valid Python code and Presented with Result"]]>
              </value>
            </param>
            <param index="1">
              <value>
                <![CDATA["User tests the Tree page on the Ds algo application"]]>
              </value>
            </param>
          </params>
          <reporter-output>
          </reporter-output>
        </test-method> <!-- runScenario -->
        <test-method signature="runScenario(io.cucumber.testng.PickleWrapper,io.cucumber.testng.FeatureWrapper)[pri:0, instance:runner.TestRunner@7188af83]" started-at="2023-06-25T18:32:59 EDT" name="runScenario" description="Runs Cucumber Scenarios" data-provider="scenarios" finished-at="2023-06-25T18:33:00 EDT" duration-ms="206" status="PASS">
          <params>
            <param index="0">
              <value>
                <![CDATA["The user is able to navigate to "Binary Trees" Page"]]>
              </value>
            </param>
            <param index="1">
              <value>
                <![CDATA["User tests the Tree page on the Ds algo application"]]>
              </value>
            </param>
          </params>
          <reporter-output>
          </reporter-output>
        </test-method> <!-- runScenario -->
        <test-method signature="runScenario(io.cucumber.testng.PickleWrapper,io.cucumber.testng.FeatureWrapper)[pri:0, instance:runner.TestRunner@7188af83]" started-at="2023-06-25T18:33:00 EDT" name="runScenario" description="Runs Cucumber Scenarios" data-provider="scenarios" finished-at="2023-06-25T18:33:00 EDT" duration-ms="331" status="PASS">
          <params>
            <param index="0">
              <value>
                <![CDATA["The user is able to navigate to a page having an tryEditor from Binary Trees Page"]]>
              </value>
            </param>
            <param index="1">
              <value>
                <![CDATA["User tests the Tree page on the Ds algo application"]]>
              </value>
            </param>
          </params>
          <reporter-output>
          </reporter-output>
        </test-method> <!-- runScenario -->
        <test-method signature="runScenario(io.cucumber.testng.PickleWrapper,io.cucumber.testng.FeatureWrapper)[pri:0, instance:runner.TestRunner@7188af83]" started-at="2023-06-25T18:33:00 EDT" name="runScenario" description="Runs Cucumber Scenarios" data-provider="scenarios" finished-at="2023-06-25T18:33:00 EDT" duration-ms="290" status="PASS">
          <params>
            <param index="0">
              <value>
                <![CDATA["User should be able to enter a invalid Python code and Presented with Error Message"]]>
              </value>
            </param>
            <param index="1">
              <value>
                <![CDATA["User tests the Tree page on the Ds algo application"]]>
              </value>
            </param>
          </params>
          <reporter-output>
          </reporter-output>
        </test-method> <!-- runScenario -->
        <test-method signature="runScenario(io.cucumber.testng.PickleWrapper,io.cucumber.testng.FeatureWrapper)[pri:0, instance:runner.TestRunner@7188af83]" started-at="2023-06-25T18:33:00 EDT" name="runScenario" description="Runs Cucumber Scenarios" data-provider="scenarios" finished-at="2023-06-25T18:33:01 EDT" duration-ms="295" status="PASS">
          <params>
            <param index="0">
              <value>
                <![CDATA["The user is able to navigate to "Types of Binary Trees" Page"]]>
              </value>
            </param>
            <param index="1">
              <value>
                <![CDATA["User tests the Tree page on the Ds algo application"]]>
              </value>
            </param>
          </params>
          <reporter-output>
          </reporter-output>
        </test-method> <!-- runScenario -->
        <test-method signature="runScenario(io.cucumber.testng.PickleWrapper,io.cucumber.testng.FeatureWrapper)[pri:0, instance:runner.TestRunner@7188af83]" started-at="2023-06-25T18:33:01 EDT" name="runScenario" description="Runs Cucumber Scenarios" data-provider="scenarios" finished-at="2023-06-25T18:33:01 EDT" duration-ms="296" status="PASS">
          <params>
            <param index="0">
              <value>
                <![CDATA["The user is able to navigate to a page having an tryEditor from Types of Binary Trees Page"]]>
              </value>
            </param>
            <param index="1">
              <value>
                <![CDATA["User tests the Tree page on the Ds algo application"]]>
              </value>
            </param>
          </params>
          <reporter-output>
          </reporter-output>
        </test-method> <!-- runScenario -->
        <test-method signature="runScenario(io.cucumber.testng.PickleWrapper,io.cucumber.testng.FeatureWrapper)[pri:0, instance:runner.TestRunner@7188af83]" started-at="2023-06-25T18:33:01 EDT" name="runScenario" description="Runs Cucumber Scenarios" data-provider="scenarios" finished-at="2023-06-25T18:33:01 EDT" duration-ms="377" status="PASS">
          <params>
            <param index="0">
              <value>
                <![CDATA["User enters valid Python code and Presented with Result"]]>
              </value>
            </param>
            <param index="1">
              <value>
                <![CDATA["User tests the Tree page on the Ds algo application"]]>
              </value>
            </param>
          </params>
          <reporter-output>
          </reporter-output>
        </test-method> <!-- runScenario -->
        <test-method signature="runScenario(io.cucumber.testng.PickleWrapper,io.cucumber.testng.FeatureWrapper)[pri:0, instance:runner.TestRunner@7188af83]" started-at="2023-06-25T18:33:01 EDT" name="runScenario" description="Runs Cucumber Scenarios" data-provider="scenarios" finished-at="2023-06-25T18:33:01 EDT" duration-ms="162" status="PASS">
          <params>
            <param index="0">
              <value>
                <![CDATA["The user is able to navigate to "Practice Questions" Page"]]>
              </value>
            </param>
            <param index="1">
              <value>
                <![CDATA["User tests the Tree page on the Ds algo application"]]>
              </value>
            </param>
          </params>
          <reporter-output>
          </reporter-output>
        </test-method> <!-- runScenario -->
        <test-method signature="runScenario(io.cucumber.testng.PickleWrapper,io.cucumber.testng.FeatureWrapper)[pri:0, instance:runner.TestRunner@7188af83]" started-at="2023-06-25T18:33:01 EDT" name="runScenario" description="Runs Cucumber Scenarios" data-provider="scenarios" finished-at="2023-06-25T18:33:02 EDT" duration-ms="334" status="PASS">
          <params>
            <param index="0">
              <value>
                <![CDATA["User should be able to navigate to Graph Data Structure Page"]]>
              </value>
            </param>
            <param index="1">
              <value>
                <![CDATA["To Validate Graph Data Structure"]]>
              </value>
            </param>
          </params>
          <reporter-output>
          </reporter-output>
        </test-method> <!-- runScenario -->
        <test-method signature="runScenario(io.cucumber.testng.PickleWrapper,io.cucumber.testng.FeatureWrapper)[pri:0, instance:runner.TestRunner@7188af83]" started-at="2023-06-25T18:33:02 EDT" name="runScenario" description="Runs Cucumber Scenarios" data-provider="scenarios" finished-at="2023-06-25T18:33:02 EDT" duration-ms="172" status="PASS">
          <params>
            <param index="0">
              <value>
                <![CDATA["User should  be able to navigate to Graph Page"]]>
              </value>
            </param>
            <param index="1">
              <value>
                <![CDATA["To Validate Graph Data Structure"]]>
              </value>
            </param>
          </params>
          <reporter-output>
          </reporter-output>
        </test-method> <!-- runScenario -->
        <test-method signature="runScenario(io.cucumber.testng.PickleWrapper,io.cucumber.testng.FeatureWrapper)[pri:0, instance:runner.TestRunner@7188af83]" started-at="2023-06-25T18:33:02 EDT" name="runScenario" description="Runs Cucumber Scenarios" data-provider="scenarios" finished-at="2023-06-25T18:33:02 EDT" duration-ms="286" status="PASS">
          <params>
            <param index="0">
              <value>
                <![CDATA["User should be able to navigate to tryEditor Page"]]>
              </value>
            </param>
            <param index="1">
              <value>
                <![CDATA["To Validate Graph Data Structure"]]>
              </value>
            </param>
          </params>
          <reporter-output>
          </reporter-output>
        </test-method> <!-- runScenario -->
        <test-method signature="runScenario(io.cucumber.testng.PickleWrapper,io.cucumber.testng.FeatureWrapper)[pri:0, instance:runner.TestRunner@7188af83]" started-at="2023-06-25T18:33:02 EDT" name="runScenario" description="Runs Cucumber Scenarios" data-provider="scenarios" finished-at="2023-06-25T18:33:03 EDT" duration-ms="339" status="PASS">
          <params>
            <param index="0">
              <value>
                <![CDATA["User enters valid Python code and Presented with Result"]]>
              </value>
            </param>
            <param index="1">
              <value>
                <![CDATA["To Validate Graph Data Structure"]]>
              </value>
            </param>
          </params>
          <reporter-output>
          </reporter-output>
        </test-method> <!-- runScenario -->
        <test-method signature="runScenario(io.cucumber.testng.PickleWrapper,io.cucumber.testng.FeatureWrapper)[pri:0, instance:runner.TestRunner@7188af83]" started-at="2023-06-25T18:33:03 EDT" name="runScenario" description="Runs Cucumber Scenarios" data-provider="scenarios" finished-at="2023-06-25T18:33:03 EDT" duration-ms="342" status="PASS">
          <params>
            <param index="0">
              <value>
                <![CDATA["User should be able to navigate to Graph representations Page"]]>
              </value>
            </param>
            <param index="1">
              <value>
                <![CDATA["To Validate Graph Data Structure"]]>
              </value>
            </param>
          </params>
          <reporter-output>
          </reporter-output>
        </test-method> <!-- runScenario -->
        <test-method signature="runScenario(io.cucumber.testng.PickleWrapper,io.cucumber.testng.FeatureWrapper)[pri:0, instance:runner.TestRunner@7188af83]" started-at="2023-06-25T18:33:03 EDT" name="runScenario" description="Runs Cucumber Scenarios" data-provider="scenarios" finished-at="2023-06-25T18:33:03 EDT" duration-ms="281" status="PASS">
          <params>
            <param index="0">
              <value>
                <![CDATA["User should be able to  navigate to tryEditor Page"]]>
              </value>
            </param>
            <param index="1">
              <value>
                <![CDATA["To Validate Graph Data Structure"]]>
              </value>
            </param>
          </params>
          <reporter-output>
          </reporter-output>
        </test-method> <!-- runScenario -->
        <test-method signature="runScenario(io.cucumber.testng.PickleWrapper,io.cucumber.testng.FeatureWrapper)[pri:0, instance:runner.TestRunner@7188af83]" started-at="2023-06-25T18:33:03 EDT" name="runScenario" description="Runs Cucumber Scenarios" data-provider="scenarios" finished-at="2023-06-25T18:33:04 EDT" duration-ms="355" status="PASS">
          <params>
            <param index="0">
              <value>
                <![CDATA["User should be able to enter a invalid Python code and Presented with Error Message"]]>
              </value>
            </param>
            <param index="1">
              <value>
                <![CDATA["To Validate Graph Data Structure"]]>
              </value>
            </param>
          </params>
          <reporter-output>
          </reporter-output>
        </test-method> <!-- runScenario -->
        <test-method signature="runScenario(io.cucumber.testng.PickleWrapper,io.cucumber.testng.FeatureWrapper)[pri:0, instance:runner.TestRunner@7188af83]" started-at="2023-06-25T18:33:04 EDT" name="runScenario" description="Runs Cucumber Scenarios" data-provider="scenarios" finished-at="2023-06-25T18:33:04 EDT" duration-ms="157" status="PASS">
          <params>
            <param index="0">
              <value>
                <![CDATA["The user is able to navigate to "Practice Questions" in graph Page"]]>
              </value>
            </param>
            <param index="1">
              <value>
                <![CDATA["To Validate Graph Data Structure"]]>
              </value>
            </param>
          </params>
          <reporter-output>
          </reporter-output>
        </test-method> <!-- runScenario -->
        <test-method is-config="true" signature="tearDownClass()[pri:0, instance:runner.TestRunner@7188af83]" started-at="2023-06-25T18:33:04 EDT" name="tearDownClass" finished-at="2023-06-25T18:33:17 EDT" duration-ms="12856" status="PASS">
          <reporter-output>
          </reporter-output>
        </test-method> <!-- tearDownClass -->
      </class> <!-- runner.TestRunner -->
    </test> <!-- Default test -->
  </suite> <!-- Default suite -->
</testng-results>
