<?xml version="1.0" encoding="UTF-8"?>
<testng-results ignored="0" total="135" passed="135" failed="0" skipped="0">
  <reporter-output>
  </reporter-output>
  <suite started-at="2023-07-05T21:23:16 EDT" name="Default suite" finished-at="2023-07-05T21:24:46 EDT" duration-ms="89856">
    <groups>
      <group name="cucumber">
        <method signature="AbstractTestNGCucumberTests.runScenario(io.cucumber.testng.PickleWrapper,io.cucumber.testng.FeatureWrapper)[pri:0, instance:runner.TestRunner@7188af83]" name="runScenario" class="io.cucumber.testng.AbstractTestNGCucumberTests"/>
      </group> <!-- cucumber -->
    </groups>
    <test started-at="2023-07-05T21:23:16 EDT" name="Default test" finished-at="2023-07-05T21:24:46 EDT" duration-ms="89856">
      <class name="runner.TestRunner">
        <test-method is-config="true" signature="setUpClass(org.testng.ITestContext)[pri:0, instance:runner.TestRunner@7188af83]" started-at="2023-07-05T21:23:16 EDT" name="setUpClass" finished-at="2023-07-05T21:23:24 EDT" duration-ms="7568" status="PASS">
          <params>
            <param index="0">
              <value>
                <![CDATA[org.testng.TestRunner@36dd68f1]]>
              </value>
            </param>
          </params>
          <reporter-output>
          </reporter-output>
        </test-method> <!-- setUpClass -->
        <test-method signature="runScenario(io.cucumber.testng.PickleWrapper,io.cucumber.testng.FeatureWrapper)[pri:0, instance:runner.TestRunner@7188af83]" started-at="2023-07-05T21:23:24 EDT" name="runScenario" description="Runs Cucumber Scenarios" data-provider="scenarios" finished-at="2023-07-05T21:23:25 EDT" duration-ms="1293" status="PASS">
          <params>
            <param index="0">
              <value>
                <![CDATA["launch the home page of dsalgo portal"]]>
              </value>
            </param>
            <param index="1">
              <value>
                <![CDATA["Launch Start page and Test Home Page"]]>
              </value>
            </param>
          </params>
          <reporter-output>
          </reporter-output>
        </test-method> <!-- runScenario -->
        <test-method signature="runScenario(io.cucumber.testng.PickleWrapper,io.cucumber.testng.FeatureWrapper)[pri:0, instance:runner.TestRunner@7188af83]" started-at="2023-07-05T21:23:25 EDT" name="runScenario" description="Runs Cucumber Scenarios" data-provider="scenarios" finished-at="2023-07-05T21:23:25 EDT" duration-ms="488" status="PASS">
          <params>
            <param index="0">
              <value>
                <![CDATA["user is on home page"]]>
              </value>
            </param>
            <param index="1">
              <value>
                <![CDATA["Launch Start page and Test Home Page"]]>
              </value>
            </param>
          </params>
          <reporter-output>
          </reporter-output>
        </test-method> <!-- runScenario -->
        <test-method signature="runScenario(io.cucumber.testng.PickleWrapper,io.cucumber.testng.FeatureWrapper)[pri:0, instance:runner.TestRunner@7188af83]" started-at="2023-07-05T21:23:25 EDT" name="runScenario" description="Runs Cucumber Scenarios" data-provider="scenarios" finished-at="2023-07-05T21:23:26 EDT" duration-ms="368" status="PASS">
          <params>
            <param index="0">
              <value>
                <![CDATA["user is on home page"]]>
              </value>
            </param>
            <param index="1">
              <value>
                <![CDATA["Launch Start page and Test Home Page"]]>
              </value>
            </param>
          </params>
          <reporter-output>
          </reporter-output>
        </test-method> <!-- runScenario -->
        <test-method signature="runScenario(io.cucumber.testng.PickleWrapper,io.cucumber.testng.FeatureWrapper)[pri:0, instance:runner.TestRunner@7188af83]" started-at="2023-07-05T21:23:26 EDT" name="runScenario" description="Runs Cucumber Scenarios" data-provider="scenarios" finished-at="2023-07-05T21:23:26 EDT" duration-ms="349" status="PASS">
          <params>
            <param index="0">
              <value>
                <![CDATA["user is on home page"]]>
              </value>
            </param>
            <param index="1">
              <value>
                <![CDATA["Launch Start page and Test Home Page"]]>
              </value>
            </param>
          </params>
          <reporter-output>
          </reporter-output>
        </test-method> <!-- runScenario -->
        <test-method signature="runScenario(io.cucumber.testng.PickleWrapper,io.cucumber.testng.FeatureWrapper)[pri:0, instance:runner.TestRunner@7188af83]" started-at="2023-07-05T21:23:26 EDT" name="runScenario" description="Runs Cucumber Scenarios" data-provider="scenarios" finished-at="2023-07-05T21:23:26 EDT" duration-ms="331" status="PASS">
          <params>
            <param index="0">
              <value>
                <![CDATA["user is on home page"]]>
              </value>
            </param>
            <param index="1">
              <value>
                <![CDATA["Launch Start page and Test Home Page"]]>
              </value>
            </param>
          </params>
          <reporter-output>
          </reporter-output>
        </test-method> <!-- runScenario -->
        <test-method signature="runScenario(io.cucumber.testng.PickleWrapper,io.cucumber.testng.FeatureWrapper)[pri:0, instance:runner.TestRunner@7188af83]" started-at="2023-07-05T21:23:26 EDT" name="runScenario" description="Runs Cucumber Scenarios" data-provider="scenarios" finished-at="2023-07-05T21:23:27 EDT" duration-ms="308" status="PASS">
          <params>
            <param index="0">
              <value>
                <![CDATA["user is on home page"]]>
              </value>
            </param>
            <param index="1">
              <value>
                <![CDATA["Launch Start page and Test Home Page"]]>
              </value>
            </param>
          </params>
          <reporter-output>
          </reporter-output>
        </test-method> <!-- runScenario -->
        <test-method signature="runScenario(io.cucumber.testng.PickleWrapper,io.cucumber.testng.FeatureWrapper)[pri:0, instance:runner.TestRunner@7188af83]" started-at="2023-07-05T21:23:27 EDT" name="runScenario" description="Runs Cucumber Scenarios" data-provider="scenarios" finished-at="2023-07-05T21:23:27 EDT" duration-ms="495" status="PASS">
          <params>
            <param index="0">
              <value>
                <![CDATA["User is on Home page and click on dropdown without sign in"]]>
              </value>
            </param>
            <param index="1">
              <value>
                <![CDATA["Launch Start page and Test Home Page"]]>
              </value>
            </param>
          </params>
          <reporter-output>
          </reporter-output>
        </test-method> <!-- runScenario -->
        <test-method signature="runScenario(io.cucumber.testng.PickleWrapper,io.cucumber.testng.FeatureWrapper)[pri:0, instance:runner.TestRunner@7188af83]" started-at="2023-07-05T21:23:27 EDT" name="runScenario" description="Runs Cucumber Scenarios" data-provider="scenarios" finished-at="2023-07-05T21:23:28 EDT" duration-ms="474" status="PASS">
          <params>
            <param index="0">
              <value>
                <![CDATA["User is on Home page and click on dropdown without sign in"]]>
              </value>
            </param>
            <param index="1">
              <value>
                <![CDATA["Launch Start page and Test Home Page"]]>
              </value>
            </param>
          </params>
          <reporter-output>
          </reporter-output>
        </test-method> <!-- runScenario -->
        <test-method signature="runScenario(io.cucumber.testng.PickleWrapper,io.cucumber.testng.FeatureWrapper)[pri:0, instance:runner.TestRunner@7188af83]" started-at="2023-07-05T21:23:28 EDT" name="runScenario" description="Runs Cucumber Scenarios" data-provider="scenarios" finished-at="2023-07-05T21:23:28 EDT" duration-ms="476" status="PASS">
          <params>
            <param index="0">
              <value>
                <![CDATA["User is on Home page and click on dropdown without sign in"]]>
              </value>
            </param>
            <param index="1">
              <value>
                <![CDATA["Launch Start page and Test Home Page"]]>
              </value>
            </param>
          </params>
          <reporter-output>
          </reporter-output>
        </test-method> <!-- runScenario -->
        <test-method signature="runScenario(io.cucumber.testng.PickleWrapper,io.cucumber.testng.FeatureWrapper)[pri:0, instance:runner.TestRunner@7188af83]" started-at="2023-07-05T21:23:28 EDT" name="runScenario" description="Runs Cucumber Scenarios" data-provider="scenarios" finished-at="2023-07-05T21:23:29 EDT" duration-ms="475" status="PASS">
          <params>
            <param index="0">
              <value>
                <![CDATA["User is on Home page and click on dropdown without sign in"]]>
              </value>
            </param>
            <param index="1">
              <value>
                <![CDATA["Launch Start page and Test Home Page"]]>
              </value>
            </param>
          </params>
          <reporter-output>
          </reporter-output>
        </test-method> <!-- runScenario -->
        <test-method signature="runScenario(io.cucumber.testng.PickleWrapper,io.cucumber.testng.FeatureWrapper)[pri:0, instance:runner.TestRunner@7188af83]" started-at="2023-07-05T21:23:29 EDT" name="runScenario" description="Runs Cucumber Scenarios" data-provider="scenarios" finished-at="2023-07-05T21:23:29 EDT" duration-ms="511" status="PASS">
          <params>
            <param index="0">
              <value>
                <![CDATA["User is on Home page and click on dropdown without sign in"]]>
              </value>
            </param>
            <param index="1">
              <value>
                <![CDATA["Launch Start page and Test Home Page"]]>
              </value>
            </param>
          </params>
          <reporter-output>
          </reporter-output>
        </test-method> <!-- runScenario -->
        <test-method signature="runScenario(io.cucumber.testng.PickleWrapper,io.cucumber.testng.FeatureWrapper)[pri:0, instance:runner.TestRunner@7188af83]" started-at="2023-07-05T21:23:29 EDT" name="runScenario" description="Runs Cucumber Scenarios" data-provider="scenarios" finished-at="2023-07-05T21:23:30 EDT" duration-ms="499" status="PASS">
          <params>
            <param index="0">
              <value>
                <![CDATA["User is on Home page and click on dropdown without sign in"]]>
              </value>
            </param>
            <param index="1">
              <value>
                <![CDATA["Launch Start page and Test Home Page"]]>
              </value>
            </param>
          </params>
          <reporter-output>
          </reporter-output>
        </test-method> <!-- runScenario -->
        <test-method signature="runScenario(io.cucumber.testng.PickleWrapper,io.cucumber.testng.FeatureWrapper)[pri:0, instance:runner.TestRunner@7188af83]" started-at="2023-07-05T21:23:30 EDT" name="runScenario" description="Runs Cucumber Scenarios" data-provider="scenarios" finished-at="2023-07-05T21:23:30 EDT" duration-ms="305" status="PASS">
          <params>
            <param index="0">
              <value>
                <![CDATA["User is on Home page and click on sign in"]]>
              </value>
            </param>
            <param index="1">
              <value>
                <![CDATA["Launch Start page and Test Home Page"]]>
              </value>
            </param>
          </params>
          <reporter-output>
          </reporter-output>
        </test-method> <!-- runScenario -->
        <test-method signature="runScenario(io.cucumber.testng.PickleWrapper,io.cucumber.testng.FeatureWrapper)[pri:0, instance:runner.TestRunner@7188af83]" started-at="2023-07-05T21:23:30 EDT" name="runScenario" description="Runs Cucumber Scenarios" data-provider="scenarios" finished-at="2023-07-05T21:23:30 EDT" duration-ms="261" status="PASS">
          <params>
            <param index="0">
              <value>
                <![CDATA["User is on Home page and click on Register"]]>
              </value>
            </param>
            <param index="1">
              <value>
                <![CDATA["Launch Start page and Test Home Page"]]>
              </value>
            </param>
          </params>
          <reporter-output>
          </reporter-output>
        </test-method> <!-- runScenario -->
        <test-method signature="runScenario(io.cucumber.testng.PickleWrapper,io.cucumber.testng.FeatureWrapper)[pri:0, instance:runner.TestRunner@7188af83]" started-at="2023-07-05T21:23:30 EDT" name="runScenario" description="Runs Cucumber Scenarios" data-provider="scenarios" finished-at="2023-07-05T21:23:31 EDT" duration-ms="429" status="PASS">
          <params>
            <param index="0">
              <value>
                <![CDATA["The user is presented with error message for empty fields below Username textbox"]]>
              </value>
            </param>
            <param index="1">
              <value>
                <![CDATA["Title of your feature"]]>
              </value>
            </param>
          </params>
          <reporter-output>
          </reporter-output>
        </test-method> <!-- runScenario -->
        <test-method signature="runScenario(io.cucumber.testng.PickleWrapper,io.cucumber.testng.FeatureWrapper)[pri:0, instance:runner.TestRunner@7188af83]" started-at="2023-07-05T21:23:31 EDT" name="runScenario" description="Runs Cucumber Scenarios" data-provider="scenarios" finished-at="2023-07-05T21:23:31 EDT" duration-ms="577" status="PASS">
          <params>
            <param index="0">
              <value>
                <![CDATA["The user is presented with error message for empty fields below Password textbox"]]>
              </value>
            </param>
            <param index="1">
              <value>
                <![CDATA["Title of your feature"]]>
              </value>
            </param>
          </params>
          <reporter-output>
          </reporter-output>
        </test-method> <!-- runScenario -->
        <test-method signature="runScenario(io.cucumber.testng.PickleWrapper,io.cucumber.testng.FeatureWrapper)[pri:0, instance:runner.TestRunner@7188af83]" started-at="2023-07-05T21:23:31 EDT" name="runScenario" description="Runs Cucumber Scenarios" data-provider="scenarios" finished-at="2023-07-05T21:23:32 EDT" duration-ms="499" status="PASS">
          <params>
            <param index="0">
              <value>
                <![CDATA["The user is presented with error message for empty fields belo Password Confirmation textbox"]]>
              </value>
            </param>
            <param index="1">
              <value>
                <![CDATA["Title of your feature"]]>
              </value>
            </param>
          </params>
          <reporter-output>
          </reporter-output>
        </test-method> <!-- runScenario -->
        <test-method signature="runScenario(io.cucumber.testng.PickleWrapper,io.cucumber.testng.FeatureWrapper)[pri:0, instance:runner.TestRunner@7188af83]" started-at="2023-07-05T21:23:32 EDT" name="runScenario" description="Runs Cucumber Scenarios" data-provider="scenarios" finished-at="2023-07-05T21:23:35 EDT" duration-ms="3514" status="PASS">
          <params>
            <param index="0">
              <value>
                <![CDATA["to register with all the data"]]>
              </value>
            </param>
            <param index="1">
              <value>
                <![CDATA["Title of your feature"]]>
              </value>
            </param>
          </params>
          <reporter-output>
          </reporter-output>
        </test-method> <!-- runScenario -->
        <test-method signature="runScenario(io.cucumber.testng.PickleWrapper,io.cucumber.testng.FeatureWrapper)[pri:0, instance:runner.TestRunner@7188af83]" started-at="2023-07-05T21:23:35 EDT" name="runScenario" description="Runs Cucumber Scenarios" data-provider="scenarios" finished-at="2023-07-05T21:23:37 EDT" duration-ms="1354" status="PASS">
          <params>
            <param index="0">
              <value>
                <![CDATA["to register with all the data"]]>
              </value>
            </param>
            <param index="1">
              <value>
                <![CDATA["Title of your feature"]]>
              </value>
            </param>
          </params>
          <reporter-output>
          </reporter-output>
        </test-method> <!-- runScenario -->
        <test-method signature="runScenario(io.cucumber.testng.PickleWrapper,io.cucumber.testng.FeatureWrapper)[pri:0, instance:runner.TestRunner@7188af83]" started-at="2023-07-05T21:23:37 EDT" name="runScenario" description="Runs Cucumber Scenarios" data-provider="scenarios" finished-at="2023-07-05T21:23:38 EDT" duration-ms="1274" status="PASS">
          <params>
            <param index="0">
              <value>
                <![CDATA["to register with all the data"]]>
              </value>
            </param>
            <param index="1">
              <value>
                <![CDATA["Title of your feature"]]>
              </value>
            </param>
          </params>
          <reporter-output>
          </reporter-output>
        </test-method> <!-- runScenario -->
        <test-method signature="runScenario(io.cucumber.testng.PickleWrapper,io.cucumber.testng.FeatureWrapper)[pri:0, instance:runner.TestRunner@7188af83]" started-at="2023-07-05T21:23:38 EDT" name="runScenario" description="Runs Cucumber Scenarios" data-provider="scenarios" finished-at="2023-07-05T21:23:39 EDT" duration-ms="1262" status="PASS">
          <params>
            <param index="0">
              <value>
                <![CDATA["to register with all the data"]]>
              </value>
            </param>
            <param index="1">
              <value>
                <![CDATA["Title of your feature"]]>
              </value>
            </param>
          </params>
          <reporter-output>
          </reporter-output>
        </test-method> <!-- runScenario -->
        <test-method signature="runScenario(io.cucumber.testng.PickleWrapper,io.cucumber.testng.FeatureWrapper)[pri:0, instance:runner.TestRunner@7188af83]" started-at="2023-07-05T21:23:39 EDT" name="runScenario" description="Runs Cucumber Scenarios" data-provider="scenarios" finished-at="2023-07-05T21:23:39 EDT" duration-ms="259" status="PASS">
          <params>
            <param index="0">
              <value>
                <![CDATA["Verifying signin link"]]>
              </value>
            </param>
            <param index="1">
              <value>
                <![CDATA["Title of your feature"]]>
              </value>
            </param>
          </params>
          <reporter-output>
          </reporter-output>
        </test-method> <!-- runScenario -->
        <test-method signature="runScenario(io.cucumber.testng.PickleWrapper,io.cucumber.testng.FeatureWrapper)[pri:0, instance:runner.TestRunner@7188af83]" started-at="2023-07-05T21:23:39 EDT" name="runScenario" description="Runs Cucumber Scenarios" data-provider="scenarios" finished-at="2023-07-05T21:23:40 EDT" duration-ms="453" status="PASS">
          <params>
            <param index="0">
              <value>
                <![CDATA["Redirect to Register page"]]>
              </value>
            </param>
            <param index="1">
              <value>
                <![CDATA["SignIn Action"]]>
              </value>
            </param>
          </params>
          <reporter-output>
          </reporter-output>
        </test-method> <!-- runScenario -->
        <test-method signature="runScenario(io.cucumber.testng.PickleWrapper,io.cucumber.testng.FeatureWrapper)[pri:0, instance:runner.TestRunner@7188af83]" started-at="2023-07-05T21:23:40 EDT" name="runScenario" description="Runs Cucumber Scenarios" data-provider="scenarios" finished-at="2023-07-05T21:23:40 EDT" duration-ms="399" status="PASS">
          <params>
            <param index="0">
              <value>
                <![CDATA["To verify SignIn with Empty fields"]]>
              </value>
            </param>
            <param index="1">
              <value>
                <![CDATA["SignIn Action"]]>
              </value>
            </param>
          </params>
          <reporter-output>
          </reporter-output>
        </test-method> <!-- runScenario -->
        <test-method signature="runScenario(io.cucumber.testng.PickleWrapper,io.cucumber.testng.FeatureWrapper)[pri:0, instance:runner.TestRunner@7188af83]" started-at="2023-07-05T21:23:40 EDT" name="runScenario" description="Runs Cucumber Scenarios" data-provider="scenarios" finished-at="2023-07-05T21:23:41 EDT" duration-ms="337" status="PASS">
          <params>
            <param index="0">
              <value>
                <![CDATA["To verify SignIn with username only"]]>
              </value>
            </param>
            <param index="1">
              <value>
                <![CDATA["SignIn Action"]]>
              </value>
            </param>
          </params>
          <reporter-output>
          </reporter-output>
        </test-method> <!-- runScenario -->
        <test-method signature="runScenario(io.cucumber.testng.PickleWrapper,io.cucumber.testng.FeatureWrapper)[pri:0, instance:runner.TestRunner@7188af83]" started-at="2023-07-05T21:23:41 EDT" name="runScenario" description="Runs Cucumber Scenarios" data-provider="scenarios" finished-at="2023-07-05T21:23:41 EDT" duration-ms="314" status="PASS">
          <params>
            <param index="0">
              <value>
                <![CDATA["To verify SignIn with password only"]]>
              </value>
            </param>
            <param index="1">
              <value>
                <![CDATA["SignIn Action"]]>
              </value>
            </param>
          </params>
          <reporter-output>
          </reporter-output>
        </test-method> <!-- runScenario -->
        <test-method signature="runScenario(io.cucumber.testng.PickleWrapper,io.cucumber.testng.FeatureWrapper)[pri:0, instance:runner.TestRunner@7188af83]" started-at="2023-07-05T21:23:41 EDT" name="runScenario" description="Runs Cucumber Scenarios" data-provider="scenarios" finished-at="2023-07-05T21:23:42 EDT" duration-ms="722" status="PASS">
          <params>
            <param index="0">
              <value>
                <![CDATA["To verify SignIn with invalid "zxyu123" and "zxyu1234""]]>
              </value>
            </param>
            <param index="1">
              <value>
                <![CDATA["SignIn Action"]]>
              </value>
            </param>
          </params>
          <reporter-output>
          </reporter-output>
        </test-method> <!-- runScenario -->
        <test-method signature="runScenario(io.cucumber.testng.PickleWrapper,io.cucumber.testng.FeatureWrapper)[pri:0, instance:runner.TestRunner@7188af83]" started-at="2023-07-05T21:23:42 EDT" name="runScenario" description="Runs Cucumber Scenarios" data-provider="scenarios" finished-at="2023-07-05T21:23:42 EDT" duration-ms="645" status="PASS">
          <params>
            <param index="0">
              <value>
                <![CDATA["To verify SignIn with invalid "abc" and "12345678""]]>
              </value>
            </param>
            <param index="1">
              <value>
                <![CDATA["SignIn Action"]]>
              </value>
            </param>
          </params>
          <reporter-output>
          </reporter-output>
        </test-method> <!-- runScenario -->
        <test-method signature="runScenario(io.cucumber.testng.PickleWrapper,io.cucumber.testng.FeatureWrapper)[pri:0, instance:runner.TestRunner@7188af83]" started-at="2023-07-05T21:23:42 EDT" name="runScenario" description="Runs Cucumber Scenarios" data-provider="scenarios" finished-at="2023-07-05T21:23:43 EDT" duration-ms="687" status="PASS">
          <params>
            <param index="0">
              <value>
                <![CDATA["To verify SignIn with invalid "NinjaTest" and "testsquad@""]]>
              </value>
            </param>
            <param index="1">
              <value>
                <![CDATA["SignIn Action"]]>
              </value>
            </param>
          </params>
          <reporter-output>
          </reporter-output>
        </test-method> <!-- runScenario -->
        <test-method signature="runScenario(io.cucumber.testng.PickleWrapper,io.cucumber.testng.FeatureWrapper)[pri:0, instance:runner.TestRunner@7188af83]" started-at="2023-07-05T21:23:43 EDT" name="runScenario" description="Runs Cucumber Scenarios" data-provider="scenarios" finished-at="2023-07-05T21:23:44 EDT" duration-ms="848" status="PASS">
          <params>
            <param index="0">
              <value>
                <![CDATA[""User on login page and login with invalid and valid inputs from Excel""]]>
              </value>
            </param>
            <param index="1">
              <value>
                <![CDATA["SignIn Action"]]>
              </value>
            </param>
          </params>
          <reporter-output>
          </reporter-output>
        </test-method> <!-- runScenario -->
        <test-method signature="runScenario(io.cucumber.testng.PickleWrapper,io.cucumber.testng.FeatureWrapper)[pri:0, instance:runner.TestRunner@7188af83]" started-at="2023-07-05T21:23:44 EDT" name="runScenario" description="Runs Cucumber Scenarios" data-provider="scenarios" finished-at="2023-07-05T21:23:45 EDT" duration-ms="879" status="PASS">
          <params>
            <param index="0">
              <value>
                <![CDATA[""User on login page and login with invalid and valid inputs from Excel""]]>
              </value>
            </param>
            <param index="1">
              <value>
                <![CDATA["SignIn Action"]]>
              </value>
            </param>
          </params>
          <reporter-output>
          </reporter-output>
        </test-method> <!-- runScenario -->
        <test-method signature="runScenario(io.cucumber.testng.PickleWrapper,io.cucumber.testng.FeatureWrapper)[pri:0, instance:runner.TestRunner@7188af83]" started-at="2023-07-05T21:23:45 EDT" name="runScenario" description="Runs Cucumber Scenarios" data-provider="scenarios" finished-at="2023-07-05T21:23:46 EDT" duration-ms="955" status="PASS">
          <params>
            <param index="0">
              <value>
                <![CDATA[""User on login page and login with invalid and valid inputs from Excel""]]>
              </value>
            </param>
            <param index="1">
              <value>
                <![CDATA["SignIn Action"]]>
              </value>
            </param>
          </params>
          <reporter-output>
          </reporter-output>
        </test-method> <!-- runScenario -->
        <test-method signature="runScenario(io.cucumber.testng.PickleWrapper,io.cucumber.testng.FeatureWrapper)[pri:0, instance:runner.TestRunner@7188af83]" started-at="2023-07-05T21:23:46 EDT" name="runScenario" description="Runs Cucumber Scenarios" data-provider="scenarios" finished-at="2023-07-05T21:23:47 EDT" duration-ms="1041" status="PASS">
          <params>
            <param index="0">
              <value>
                <![CDATA[""User on login page and login with invalid and valid inputs from Excel""]]>
              </value>
            </param>
            <param index="1">
              <value>
                <![CDATA["SignIn Action"]]>
              </value>
            </param>
          </params>
          <reporter-output>
          </reporter-output>
        </test-method> <!-- runScenario -->
        <test-method signature="runScenario(io.cucumber.testng.PickleWrapper,io.cucumber.testng.FeatureWrapper)[pri:0, instance:runner.TestRunner@7188af83]" started-at="2023-07-05T21:23:47 EDT" name="runScenario" description="Runs Cucumber Scenarios" data-provider="scenarios" finished-at="2023-07-05T21:23:47 EDT" duration-ms="340" status="PASS">
          <params>
            <param index="0">
              <value>
                <![CDATA["Verifying signout link"]]>
              </value>
            </param>
            <param index="1">
              <value>
                <![CDATA["SignIn Action"]]>
              </value>
            </param>
          </params>
          <reporter-output>
          </reporter-output>
        </test-method> <!-- runScenario -->
        <test-method signature="runScenario(io.cucumber.testng.PickleWrapper,io.cucumber.testng.FeatureWrapper)[pri:0, instance:runner.TestRunner@7188af83]" started-at="2023-07-05T21:23:47 EDT" name="runScenario" description="Runs Cucumber Scenarios" data-provider="scenarios" finished-at="2023-07-05T21:23:48 EDT" duration-ms="1234" status="PASS">
          <params>
            <param index="0">
              <value>
                <![CDATA["The user is logged in to DS Algo portal"]]>
              </value>
            </param>
            <param index="1">
              <value>
                <![CDATA["performing Data Structures-Introduction"]]>
              </value>
            </param>
          </params>
          <reporter-output>
          </reporter-output>
        </test-method> <!-- runScenario -->
        <test-method signature="runScenario(io.cucumber.testng.PickleWrapper,io.cucumber.testng.FeatureWrapper)[pri:0, instance:runner.TestRunner@7188af83]" started-at="2023-07-05T21:23:48 EDT" name="runScenario" description="Runs Cucumber Scenarios" data-provider="scenarios" finished-at="2023-07-05T21:23:49 EDT" duration-ms="396" status="PASS">
          <params>
            <param index="0">
              <value>
                <![CDATA["The user is able to navigate to Data Structure introduction page"]]>
              </value>
            </param>
            <param index="1">
              <value>
                <![CDATA["performing Data Structures-Introduction"]]>
              </value>
            </param>
          </params>
          <reporter-output>
          </reporter-output>
        </test-method> <!-- runScenario -->
        <test-method signature="runScenario(io.cucumber.testng.PickleWrapper,io.cucumber.testng.FeatureWrapper)[pri:0, instance:runner.TestRunner@7188af83]" started-at="2023-07-05T21:23:49 EDT" name="runScenario" description="Runs Cucumber Scenarios" data-provider="scenarios" finished-at="2023-07-05T21:23:49 EDT" duration-ms="381" status="PASS">
          <params>
            <param index="0">
              <value>
                <![CDATA["The user is able to navigate to Time Complexity page"]]>
              </value>
            </param>
            <param index="1">
              <value>
                <![CDATA["performing Data Structures-Introduction"]]>
              </value>
            </param>
          </params>
          <reporter-output>
          </reporter-output>
        </test-method> <!-- runScenario -->
        <test-method signature="runScenario(io.cucumber.testng.PickleWrapper,io.cucumber.testng.FeatureWrapper)[pri:0, instance:runner.TestRunner@7188af83]" started-at="2023-07-05T21:23:49 EDT" name="runScenario" description="Runs Cucumber Scenarios" data-provider="scenarios" finished-at="2023-07-05T21:23:50 EDT" duration-ms="637" status="PASS">
          <params>
            <param index="0">
              <value>
                <![CDATA["The user is able to navigate to a page having an tryEditor from Time Complexity page"]]>
              </value>
            </param>
            <param index="1">
              <value>
                <![CDATA["performing Data Structures-Introduction"]]>
              </value>
            </param>
          </params>
          <reporter-output>
          </reporter-output>
        </test-method> <!-- runScenario -->
        <test-method signature="runScenario(io.cucumber.testng.PickleWrapper,io.cucumber.testng.FeatureWrapper)[pri:0, instance:runner.TestRunner@7188af83]" started-at="2023-07-05T21:23:50 EDT" name="runScenario" description="Runs Cucumber Scenarios" data-provider="scenarios" finished-at="2023-07-05T21:23:50 EDT" duration-ms="657" status="PASS">
          <params>
            <param index="0">
              <value>
                <![CDATA["The user is able to run code in tryEditor for Time Complexity page"]]>
              </value>
            </param>
            <param index="1">
              <value>
                <![CDATA["performing Data Structures-Introduction"]]>
              </value>
            </param>
          </params>
          <reporter-output>
          </reporter-output>
        </test-method> <!-- runScenario -->
        <test-method signature="runScenario(io.cucumber.testng.PickleWrapper,io.cucumber.testng.FeatureWrapper)[pri:0, instance:runner.TestRunner@7188af83]" started-at="2023-07-05T21:23:50 EDT" name="runScenario" description="Runs Cucumber Scenarios" data-provider="scenarios" finished-at="2023-07-05T21:23:51 EDT" duration-ms="565" status="PASS">
          <params>
            <param index="0">
              <value>
                <![CDATA["The user is presented with error message for code with invalid syntax in tryEditor for Time Complexity page"]]>
              </value>
            </param>
            <param index="1">
              <value>
                <![CDATA["performing Data Structures-Introduction"]]>
              </value>
            </param>
          </params>
          <reporter-output>
          </reporter-output>
        </test-method> <!-- runScenario -->
        <test-method signature="runScenario(io.cucumber.testng.PickleWrapper,io.cucumber.testng.FeatureWrapper)[pri:0, instance:runner.TestRunner@7188af83]" started-at="2023-07-05T21:23:51 EDT" name="runScenario" description="Runs Cucumber Scenarios" data-provider="scenarios" finished-at="2023-07-05T21:23:51 EDT" duration-ms="430" status="PASS">
          <params>
            <param index="0">
              <value>
                <![CDATA["user is on homepage"]]>
              </value>
            </param>
            <param index="1">
              <value>
                <![CDATA["validating Array Page"]]>
              </value>
            </param>
          </params>
          <reporter-output>
          </reporter-output>
        </test-method> <!-- runScenario -->
        <test-method signature="runScenario(io.cucumber.testng.PickleWrapper,io.cucumber.testng.FeatureWrapper)[pri:0, instance:runner.TestRunner@7188af83]" started-at="2023-07-05T21:23:51 EDT" name="runScenario" description="Runs Cucumber Scenarios" data-provider="scenarios" finished-at="2023-07-05T21:23:52 EDT" duration-ms="605" status="PASS">
          <params>
            <param index="0">
              <value>
                <![CDATA["Validation of Arrays in Python link"]]>
              </value>
            </param>
            <param index="1">
              <value>
                <![CDATA["validating Array Page"]]>
              </value>
            </param>
          </params>
          <reporter-output>
          </reporter-output>
        </test-method> <!-- runScenario -->
        <test-method signature="runScenario(io.cucumber.testng.PickleWrapper,io.cucumber.testng.FeatureWrapper)[pri:0, instance:runner.TestRunner@7188af83]" started-at="2023-07-05T21:23:52 EDT" name="runScenario" description="Runs Cucumber Scenarios" data-provider="scenarios" finished-at="2023-07-05T21:23:52 EDT" duration-ms="395" status="PASS">
          <params>
            <param index="0">
              <value>
                <![CDATA["Validation of Try Here button"]]>
              </value>
            </param>
            <param index="1">
              <value>
                <![CDATA["validating Array Page"]]>
              </value>
            </param>
          </params>
          <reporter-output>
          </reporter-output>
        </test-method> <!-- runScenario -->
        <test-method signature="runScenario(io.cucumber.testng.PickleWrapper,io.cucumber.testng.FeatureWrapper)[pri:0, instance:runner.TestRunner@7188af83]" started-at="2023-07-05T21:23:52 EDT" name="runScenario" description="Runs Cucumber Scenarios" data-provider="scenarios" finished-at="2023-07-05T21:23:53 EDT" duration-ms="452" status="PASS">
          <params>
            <param index="0">
              <value>
                <![CDATA["The user is able to run code in tryEditor"]]>
              </value>
            </param>
            <param index="1">
              <value>
                <![CDATA["validating Array Page"]]>
              </value>
            </param>
          </params>
          <reporter-output>
          </reporter-output>
        </test-method> <!-- runScenario -->
        <test-method signature="runScenario(io.cucumber.testng.PickleWrapper,io.cucumber.testng.FeatureWrapper)[pri:0, instance:runner.TestRunner@7188af83]" started-at="2023-07-05T21:23:53 EDT" name="runScenario" description="Runs Cucumber Scenarios" data-provider="scenarios" finished-at="2023-07-05T21:23:53 EDT" duration-ms="389" status="PASS">
          <params>
            <param index="0">
              <value>
                <![CDATA["The user is able to run code in tryEditor"]]>
              </value>
            </param>
            <param index="1">
              <value>
                <![CDATA["validating Array Page"]]>
              </value>
            </param>
          </params>
          <reporter-output>
          </reporter-output>
        </test-method> <!-- runScenario -->
        <test-method signature="runScenario(io.cucumber.testng.PickleWrapper,io.cucumber.testng.FeatureWrapper)[pri:0, instance:runner.TestRunner@7188af83]" started-at="2023-07-05T21:23:53 EDT" name="runScenario" description="Runs Cucumber Scenarios" data-provider="scenarios" finished-at="2023-07-05T21:23:54 EDT" duration-ms="471" status="PASS">
          <params>
            <param index="0">
              <value>
                <![CDATA["Validation of Arrays Using List link"]]>
              </value>
            </param>
            <param index="1">
              <value>
                <![CDATA["validating Array Page"]]>
              </value>
            </param>
          </params>
          <reporter-output>
          </reporter-output>
        </test-method> <!-- runScenario -->
        <test-method signature="runScenario(io.cucumber.testng.PickleWrapper,io.cucumber.testng.FeatureWrapper)[pri:0, instance:runner.TestRunner@7188af83]" started-at="2023-07-05T21:23:54 EDT" name="runScenario" description="Runs Cucumber Scenarios" data-provider="scenarios" finished-at="2023-07-05T21:23:54 EDT" duration-ms="451" status="PASS">
          <params>
            <param index="0">
              <value>
                <![CDATA["Validation of Try Here button"]]>
              </value>
            </param>
            <param index="1">
              <value>
                <![CDATA["validating Array Page"]]>
              </value>
            </param>
          </params>
          <reporter-output>
          </reporter-output>
        </test-method> <!-- runScenario -->
        <test-method signature="runScenario(io.cucumber.testng.PickleWrapper,io.cucumber.testng.FeatureWrapper)[pri:0, instance:runner.TestRunner@7188af83]" started-at="2023-07-05T21:23:54 EDT" name="runScenario" description="Runs Cucumber Scenarios" data-provider="scenarios" finished-at="2023-07-05T21:23:55 EDT" duration-ms="550" status="PASS">
          <params>
            <param index="0">
              <value>
                <![CDATA["Validation of valid python code in TryEditor page using Arrays Using List"]]>
              </value>
            </param>
            <param index="1">
              <value>
                <![CDATA["validating Array Page"]]>
              </value>
            </param>
          </params>
          <reporter-output>
          </reporter-output>
        </test-method> <!-- runScenario -->
        <test-method signature="runScenario(io.cucumber.testng.PickleWrapper,io.cucumber.testng.FeatureWrapper)[pri:0, instance:runner.TestRunner@7188af83]" started-at="2023-07-05T21:23:55 EDT" name="runScenario" description="Runs Cucumber Scenarios" data-provider="scenarios" finished-at="2023-07-05T21:23:55 EDT" duration-ms="453" status="PASS">
          <params>
            <param index="0">
              <value>
                <![CDATA["The user is able to run code in tryEditor"]]>
              </value>
            </param>
            <param index="1">
              <value>
                <![CDATA["validating Array Page"]]>
              </value>
            </param>
          </params>
          <reporter-output>
          </reporter-output>
        </test-method> <!-- runScenario -->
        <test-method signature="runScenario(io.cucumber.testng.PickleWrapper,io.cucumber.testng.FeatureWrapper)[pri:0, instance:runner.TestRunner@7188af83]" started-at="2023-07-05T21:23:55 EDT" name="runScenario" description="Runs Cucumber Scenarios" data-provider="scenarios" finished-at="2023-07-05T21:23:56 EDT" duration-ms="507" status="PASS">
          <params>
            <param index="0">
              <value>
                <![CDATA["Validation of Basic Operations in Lists link"]]>
              </value>
            </param>
            <param index="1">
              <value>
                <![CDATA["validating Array Page"]]>
              </value>
            </param>
          </params>
          <reporter-output>
          </reporter-output>
        </test-method> <!-- runScenario -->
        <test-method signature="runScenario(io.cucumber.testng.PickleWrapper,io.cucumber.testng.FeatureWrapper)[pri:0, instance:runner.TestRunner@7188af83]" started-at="2023-07-05T21:23:56 EDT" name="runScenario" description="Runs Cucumber Scenarios" data-provider="scenarios" finished-at="2023-07-05T21:23:56 EDT" duration-ms="601" status="PASS">
          <params>
            <param index="0">
              <value>
                <![CDATA["Validation of valid python code in TryEditor page for Basic Operations in Lists"]]>
              </value>
            </param>
            <param index="1">
              <value>
                <![CDATA["validating Array Page"]]>
              </value>
            </param>
          </params>
          <reporter-output>
          </reporter-output>
        </test-method> <!-- runScenario -->
        <test-method signature="runScenario(io.cucumber.testng.PickleWrapper,io.cucumber.testng.FeatureWrapper)[pri:0, instance:runner.TestRunner@7188af83]" started-at="2023-07-05T21:23:56 EDT" name="runScenario" description="Runs Cucumber Scenarios" data-provider="scenarios" finished-at="2023-07-05T21:23:57 EDT" duration-ms="590" status="PASS">
          <params>
            <param index="0">
              <value>
                <![CDATA["Validation of valid python code in TryEditor page for Basic Operations in Lists"]]>
              </value>
            </param>
            <param index="1">
              <value>
                <![CDATA["validating Array Page"]]>
              </value>
            </param>
          </params>
          <reporter-output>
          </reporter-output>
        </test-method> <!-- runScenario -->
        <test-method signature="runScenario(io.cucumber.testng.PickleWrapper,io.cucumber.testng.FeatureWrapper)[pri:0, instance:runner.TestRunner@7188af83]" started-at="2023-07-05T21:23:57 EDT" name="runScenario" description="Runs Cucumber Scenarios" data-provider="scenarios" finished-at="2023-07-05T21:23:57 EDT" duration-ms="490" status="PASS">
          <params>
            <param index="0">
              <value>
                <![CDATA["Validation of Applications of Arrays link"]]>
              </value>
            </param>
            <param index="1">
              <value>
                <![CDATA["validating Array Page"]]>
              </value>
            </param>
          </params>
          <reporter-output>
          </reporter-output>
        </test-method> <!-- runScenario -->
        <test-method signature="runScenario(io.cucumber.testng.PickleWrapper,io.cucumber.testng.FeatureWrapper)[pri:0, instance:runner.TestRunner@7188af83]" started-at="2023-07-05T21:23:57 EDT" name="runScenario" description="Runs Cucumber Scenarios" data-provider="scenarios" finished-at="2023-07-05T21:23:58 EDT" duration-ms="415" status="PASS">
          <params>
            <param index="0">
              <value>
                <![CDATA["Validation of Practice Questions link"]]>
              </value>
            </param>
            <param index="1">
              <value>
                <![CDATA["validating Array Page"]]>
              </value>
            </param>
          </params>
          <reporter-output>
          </reporter-output>
        </test-method> <!-- runScenario -->
        <test-method signature="runScenario(io.cucumber.testng.PickleWrapper,io.cucumber.testng.FeatureWrapper)[pri:0, instance:runner.TestRunner@7188af83]" started-at="2023-07-05T21:23:58 EDT" name="runScenario" description="Runs Cucumber Scenarios" data-provider="scenarios" finished-at="2023-07-05T21:23:58 EDT" duration-ms="501" status="PASS">
          <params>
            <param index="0">
              <value>
                <![CDATA["Validation of Search the Array link"]]>
              </value>
            </param>
            <param index="1">
              <value>
                <![CDATA["validating Array Page"]]>
              </value>
            </param>
          </params>
          <reporter-output>
          </reporter-output>
        </test-method> <!-- runScenario -->
        <test-method signature="runScenario(io.cucumber.testng.PickleWrapper,io.cucumber.testng.FeatureWrapper)[pri:0, instance:runner.TestRunner@7188af83]" started-at="2023-07-05T21:23:58 EDT" name="runScenario" description="Runs Cucumber Scenarios" data-provider="scenarios" finished-at="2023-07-05T21:23:59 EDT" duration-ms="637" status="PASS">
          <params>
            <param index="0">
              <value>
                <![CDATA["Validation of valid python code in Practice Questions page for Search for Array link"]]>
              </value>
            </param>
            <param index="1">
              <value>
                <![CDATA["validating Array Page"]]>
              </value>
            </param>
          </params>
          <reporter-output>
          </reporter-output>
        </test-method> <!-- runScenario -->
        <test-method signature="runScenario(io.cucumber.testng.PickleWrapper,io.cucumber.testng.FeatureWrapper)[pri:0, instance:runner.TestRunner@7188af83]" started-at="2023-07-05T21:23:59 EDT" name="runScenario" description="Runs Cucumber Scenarios" data-provider="scenarios" finished-at="2023-07-05T21:24:00 EDT" duration-ms="599" status="PASS">
          <params>
            <param index="0">
              <value>
                <![CDATA["Validation of Find Numbers with Even Number of Digits link"]]>
              </value>
            </param>
            <param index="1">
              <value>
                <![CDATA["validating Array Page"]]>
              </value>
            </param>
          </params>
          <reporter-output>
          </reporter-output>
        </test-method> <!-- runScenario -->
        <test-method signature="runScenario(io.cucumber.testng.PickleWrapper,io.cucumber.testng.FeatureWrapper)[pri:0, instance:runner.TestRunner@7188af83]" started-at="2023-07-05T21:24:00 EDT" name="runScenario" description="Runs Cucumber Scenarios" data-provider="scenarios" finished-at="2023-07-05T21:24:01 EDT" duration-ms="1129" status="PASS">
          <params>
            <param index="0">
              <value>
                <![CDATA["Validation of Submit button in Practice Questions page for Find Numbers with Even Numbers of Digits link"]]>
              </value>
            </param>
            <param index="1">
              <value>
                <![CDATA["validating Array Page"]]>
              </value>
            </param>
          </params>
          <reporter-output>
          </reporter-output>
        </test-method> <!-- runScenario -->
        <test-method signature="runScenario(io.cucumber.testng.PickleWrapper,io.cucumber.testng.FeatureWrapper)[pri:0, instance:runner.TestRunner@7188af83]" started-at="2023-07-05T21:24:01 EDT" name="runScenario" description="Runs Cucumber Scenarios" data-provider="scenarios" finished-at="2023-07-05T21:24:01 EDT" duration-ms="455" status="PASS">
          <params>
            <param index="0">
              <value>
                <![CDATA["Validation of Squares of a Sorted Array link Squares of a Sorted Array link"]]>
              </value>
            </param>
            <param index="1">
              <value>
                <![CDATA["validating Array Page"]]>
              </value>
            </param>
          </params>
          <reporter-output>
          </reporter-output>
        </test-method> <!-- runScenario -->
        <test-method signature="runScenario(io.cucumber.testng.PickleWrapper,io.cucumber.testng.FeatureWrapper)[pri:0, instance:runner.TestRunner@7188af83]" started-at="2023-07-05T21:24:01 EDT" name="runScenario" description="Runs Cucumber Scenarios" data-provider="scenarios" finished-at="2023-07-05T21:24:02 EDT" duration-ms="1170" status="PASS">
          <params>
            <param index="0">
              <value>
                <![CDATA["Validation of Submit button in Practice Questions page for Find Numbers with Even Numbers of Digits link"]]>
              </value>
            </param>
            <param index="1">
              <value>
                <![CDATA["validating Array Page"]]>
              </value>
            </param>
          </params>
          <reporter-output>
          </reporter-output>
        </test-method> <!-- runScenario -->
        <test-method signature="runScenario(io.cucumber.testng.PickleWrapper,io.cucumber.testng.FeatureWrapper)[pri:0, instance:runner.TestRunner@7188af83]" started-at="2023-07-05T21:24:02 EDT" name="runScenario" description="Runs Cucumber Scenarios" data-provider="scenarios" finished-at="2023-07-05T21:24:03 EDT" duration-ms="503" status="PASS">
          <params>
            <param index="0">
              <value>
                <![CDATA["User should be able to navigate to LinkedList Data Structure Page"]]>
              </value>
            </param>
            <param index="1">
              <value>
                <![CDATA["Linked List page validation dsalgo"]]>
              </value>
            </param>
          </params>
          <reporter-output>
          </reporter-output>
        </test-method> <!-- runScenario -->
        <test-method signature="runScenario(io.cucumber.testng.PickleWrapper,io.cucumber.testng.FeatureWrapper)[pri:0, instance:runner.TestRunner@7188af83]" started-at="2023-07-05T21:24:03 EDT" name="runScenario" description="Runs Cucumber Scenarios" data-provider="scenarios" finished-at="2023-07-05T21:24:03 EDT" duration-ms="335" status="PASS">
          <params>
            <param index="0">
              <value>
                <![CDATA["User navigated to Introduction page"]]>
              </value>
            </param>
            <param index="1">
              <value>
                <![CDATA["Linked List page validation dsalgo"]]>
              </value>
            </param>
          </params>
          <reporter-output>
          </reporter-output>
        </test-method> <!-- runScenario -->
        <test-method signature="runScenario(io.cucumber.testng.PickleWrapper,io.cucumber.testng.FeatureWrapper)[pri:0, instance:runner.TestRunner@7188af83]" started-at="2023-07-05T21:24:03 EDT" name="runScenario" description="Runs Cucumber Scenarios" data-provider="scenarios" finished-at="2023-07-05T21:24:04 EDT" duration-ms="406" status="PASS">
          <params>
            <param index="0">
              <value>
                <![CDATA["User navigated to tryEditor page from Introduction page"]]>
              </value>
            </param>
            <param index="1">
              <value>
                <![CDATA["Linked List page validation dsalgo"]]>
              </value>
            </param>
          </params>
          <reporter-output>
          </reporter-output>
        </test-method> <!-- runScenario -->
        <test-method signature="runScenario(io.cucumber.testng.PickleWrapper,io.cucumber.testng.FeatureWrapper)[pri:0, instance:runner.TestRunner@7188af83]" started-at="2023-07-05T21:24:04 EDT" name="runScenario" description="Runs Cucumber Scenarios" data-provider="scenarios" finished-at="2023-07-05T21:24:04 EDT" duration-ms="429" status="PASS">
          <params>
            <param index="0">
              <value>
                <![CDATA["User enters valid Python code and Presented with  Result"]]>
              </value>
            </param>
            <param index="1">
              <value>
                <![CDATA["Linked List page validation dsalgo"]]>
              </value>
            </param>
          </params>
          <reporter-output>
          </reporter-output>
        </test-method> <!-- runScenario -->
        <test-method signature="runScenario(io.cucumber.testng.PickleWrapper,io.cucumber.testng.FeatureWrapper)[pri:0, instance:runner.TestRunner@7188af83]" started-at="2023-07-05T21:24:04 EDT" name="runScenario" description="Runs Cucumber Scenarios" data-provider="scenarios" finished-at="2023-07-05T21:24:05 EDT" duration-ms="588" status="PASS">
          <params>
            <param index="0">
              <value>
                <![CDATA["User navigated to creating linked list  page"]]>
              </value>
            </param>
            <param index="1">
              <value>
                <![CDATA["Linked List page validation dsalgo"]]>
              </value>
            </param>
          </params>
          <reporter-output>
          </reporter-output>
        </test-method> <!-- runScenario -->
        <test-method signature="runScenario(io.cucumber.testng.PickleWrapper,io.cucumber.testng.FeatureWrapper)[pri:0, instance:runner.TestRunner@7188af83]" started-at="2023-07-05T21:24:05 EDT" name="runScenario" description="Runs Cucumber Scenarios" data-provider="scenarios" finished-at="2023-07-05T21:24:05 EDT" duration-ms="322" status="PASS">
          <params>
            <param index="0">
              <value>
                <![CDATA["User navigated to tryEditor page  from Creating a Linked List page"]]>
              </value>
            </param>
            <param index="1">
              <value>
                <![CDATA["Linked List page validation dsalgo"]]>
              </value>
            </param>
          </params>
          <reporter-output>
          </reporter-output>
        </test-method> <!-- runScenario -->
        <test-method signature="runScenario(io.cucumber.testng.PickleWrapper,io.cucumber.testng.FeatureWrapper)[pri:0, instance:runner.TestRunner@7188af83]" started-at="2023-07-05T21:24:05 EDT" name="runScenario" description="Runs Cucumber Scenarios" data-provider="scenarios" finished-at="2023-07-05T21:24:06 EDT" duration-ms="1344" status="PASS">
          <params>
            <param index="0">
              <value>
                <![CDATA["User gets error message by passing  invalid pyhton code for Creating a Linked List page"]]>
              </value>
            </param>
            <param index="1">
              <value>
                <![CDATA["Linked List page validation dsalgo"]]>
              </value>
            </param>
          </params>
          <reporter-output>
          </reporter-output>
        </test-method> <!-- runScenario -->
        <test-method signature="runScenario(io.cucumber.testng.PickleWrapper,io.cucumber.testng.FeatureWrapper)[pri:0, instance:runner.TestRunner@7188af83]" started-at="2023-07-05T21:24:06 EDT" name="runScenario" description="Runs Cucumber Scenarios" data-provider="scenarios" finished-at="2023-07-05T21:24:07 EDT" duration-ms="651" status="PASS">
          <params>
            <param index="0">
              <value>
                <![CDATA["User navigated to Types of linked list page"]]>
              </value>
            </param>
            <param index="1">
              <value>
                <![CDATA["Linked List page validation dsalgo"]]>
              </value>
            </param>
          </params>
          <reporter-output>
          </reporter-output>
        </test-method> <!-- runScenario -->
        <test-method signature="runScenario(io.cucumber.testng.PickleWrapper,io.cucumber.testng.FeatureWrapper)[pri:0, instance:runner.TestRunner@7188af83]" started-at="2023-07-05T21:24:07 EDT" name="runScenario" description="Runs Cucumber Scenarios" data-provider="scenarios" finished-at="2023-07-05T21:24:07 EDT" duration-ms="201" status="PASS">
          <params>
            <param index="0">
              <value>
                <![CDATA["User navigated to tryEditor page with Run button from Types of Linked List page"]]>
              </value>
            </param>
            <param index="1">
              <value>
                <![CDATA["Linked List page validation dsalgo"]]>
              </value>
            </param>
          </params>
          <reporter-output>
          </reporter-output>
        </test-method> <!-- runScenario -->
        <test-method signature="runScenario(io.cucumber.testng.PickleWrapper,io.cucumber.testng.FeatureWrapper)[pri:0, instance:runner.TestRunner@7188af83]" started-at="2023-07-05T21:24:07 EDT" name="runScenario" description="Runs Cucumber Scenarios" data-provider="scenarios" finished-at="2023-07-05T21:24:08 EDT" duration-ms="922" status="PASS">
          <params>
            <param index="0">
              <value>
                <![CDATA["User run the code in tryEditor with valid input for Types of Linked List page"]]>
              </value>
            </param>
            <param index="1">
              <value>
                <![CDATA["Linked List page validation dsalgo"]]>
              </value>
            </param>
          </params>
          <reporter-output>
          </reporter-output>
        </test-method> <!-- runScenario -->
        <test-method signature="runScenario(io.cucumber.testng.PickleWrapper,io.cucumber.testng.FeatureWrapper)[pri:0, instance:runner.TestRunner@7188af83]" started-at="2023-07-05T21:24:08 EDT" name="runScenario" description="Runs Cucumber Scenarios" data-provider="scenarios" finished-at="2023-07-05T21:24:09 EDT" duration-ms="672" status="PASS">
          <params>
            <param index="0">
              <value>
                <![CDATA["User navigated to Implementation linked list in python page"]]>
              </value>
            </param>
            <param index="1">
              <value>
                <![CDATA["Linked List page validation dsalgo"]]>
              </value>
            </param>
          </params>
          <reporter-output>
          </reporter-output>
        </test-method> <!-- runScenario -->
        <test-method signature="runScenario(io.cucumber.testng.PickleWrapper,io.cucumber.testng.FeatureWrapper)[pri:0, instance:runner.TestRunner@7188af83]" started-at="2023-07-05T21:24:09 EDT" name="runScenario" description="Runs Cucumber Scenarios" data-provider="scenarios" finished-at="2023-07-05T21:24:09 EDT" duration-ms="300" status="PASS">
          <params>
            <param index="0">
              <value>
                <![CDATA["User navigated to tryEditor page with Run button from Implement Linked List in Python page"]]>
              </value>
            </param>
            <param index="1">
              <value>
                <![CDATA["Linked List page validation dsalgo"]]>
              </value>
            </param>
          </params>
          <reporter-output>
          </reporter-output>
        </test-method> <!-- runScenario -->
        <test-method signature="runScenario(io.cucumber.testng.PickleWrapper,io.cucumber.testng.FeatureWrapper)[pri:0, instance:runner.TestRunner@7188af83]" started-at="2023-07-05T21:24:09 EDT" name="runScenario" description="Runs Cucumber Scenarios" data-provider="scenarios" finished-at="2023-07-05T21:24:09 EDT" duration-ms="421" status="PASS">
          <params>
            <param index="0">
              <value>
                <![CDATA["User enters valid Python code and Presented with  Result"]]>
              </value>
            </param>
            <param index="1">
              <value>
                <![CDATA["Linked List page validation dsalgo"]]>
              </value>
            </param>
          </params>
          <reporter-output>
          </reporter-output>
        </test-method> <!-- runScenario -->
        <test-method signature="runScenario(io.cucumber.testng.PickleWrapper,io.cucumber.testng.FeatureWrapper)[pri:0, instance:runner.TestRunner@7188af83]" started-at="2023-07-05T21:24:09 EDT" name="runScenario" description="Runs Cucumber Scenarios" data-provider="scenarios" finished-at="2023-07-05T21:24:10 EDT" duration-ms="552" status="PASS">
          <params>
            <param index="0">
              <value>
                <![CDATA["User navigated to Traversal Page"]]>
              </value>
            </param>
            <param index="1">
              <value>
                <![CDATA["Linked List page validation dsalgo"]]>
              </value>
            </param>
          </params>
          <reporter-output>
          </reporter-output>
        </test-method> <!-- runScenario -->
        <test-method signature="runScenario(io.cucumber.testng.PickleWrapper,io.cucumber.testng.FeatureWrapper)[pri:0, instance:runner.TestRunner@7188af83]" started-at="2023-07-05T21:24:10 EDT" name="runScenario" description="Runs Cucumber Scenarios" data-provider="scenarios" finished-at="2023-07-05T21:24:10 EDT" duration-ms="291" status="PASS">
          <params>
            <param index="0">
              <value>
                <![CDATA["User navigated to tryEditor page with Run button from Traversal page"]]>
              </value>
            </param>
            <param index="1">
              <value>
                <![CDATA["Linked List page validation dsalgo"]]>
              </value>
            </param>
          </params>
          <reporter-output>
          </reporter-output>
        </test-method> <!-- runScenario -->
        <test-method signature="runScenario(io.cucumber.testng.PickleWrapper,io.cucumber.testng.FeatureWrapper)[pri:0, instance:runner.TestRunner@7188af83]" started-at="2023-07-05T21:24:10 EDT" name="runScenario" description="Runs Cucumber Scenarios" data-provider="scenarios" finished-at="2023-07-05T21:24:11 EDT" duration-ms="551" status="PASS">
          <params>
            <param index="0">
              <value>
                <![CDATA["User run the code in tryEditor with valid input for Traversal page"]]>
              </value>
            </param>
            <param index="1">
              <value>
                <![CDATA["Linked List page validation dsalgo"]]>
              </value>
            </param>
          </params>
          <reporter-output>
          </reporter-output>
        </test-method> <!-- runScenario -->
        <test-method signature="runScenario(io.cucumber.testng.PickleWrapper,io.cucumber.testng.FeatureWrapper)[pri:0, instance:runner.TestRunner@7188af83]" started-at="2023-07-05T21:24:11 EDT" name="runScenario" description="Runs Cucumber Scenarios" data-provider="scenarios" finished-at="2023-07-05T21:24:11 EDT" duration-ms="598" status="PASS">
          <params>
            <param index="0">
              <value>
                <![CDATA["User navigated to Insertion page"]]>
              </value>
            </param>
            <param index="1">
              <value>
                <![CDATA["Linked List page validation dsalgo"]]>
              </value>
            </param>
          </params>
          <reporter-output>
          </reporter-output>
        </test-method> <!-- runScenario -->
        <test-method signature="runScenario(io.cucumber.testng.PickleWrapper,io.cucumber.testng.FeatureWrapper)[pri:0, instance:runner.TestRunner@7188af83]" started-at="2023-07-05T21:24:11 EDT" name="runScenario" description="Runs Cucumber Scenarios" data-provider="scenarios" finished-at="2023-07-05T21:24:12 EDT" duration-ms="204" status="PASS">
          <params>
            <param index="0">
              <value>
                <![CDATA["User navigated to tryEditor page with Run button from Insertion page"]]>
              </value>
            </param>
            <param index="1">
              <value>
                <![CDATA["Linked List page validation dsalgo"]]>
              </value>
            </param>
          </params>
          <reporter-output>
          </reporter-output>
        </test-method> <!-- runScenario -->
        <test-method signature="runScenario(io.cucumber.testng.PickleWrapper,io.cucumber.testng.FeatureWrapper)[pri:0, instance:runner.TestRunner@7188af83]" started-at="2023-07-05T21:24:12 EDT" name="runScenario" description="Runs Cucumber Scenarios" data-provider="scenarios" finished-at="2023-07-05T21:24:12 EDT" duration-ms="360" status="PASS">
          <params>
            <param index="0">
              <value>
                <![CDATA["User run the code in tryEditor with valid input for Insertion page"]]>
              </value>
            </param>
            <param index="1">
              <value>
                <![CDATA["Linked List page validation dsalgo"]]>
              </value>
            </param>
          </params>
          <reporter-output>
          </reporter-output>
        </test-method> <!-- runScenario -->
        <test-method signature="runScenario(io.cucumber.testng.PickleWrapper,io.cucumber.testng.FeatureWrapper)[pri:0, instance:runner.TestRunner@7188af83]" started-at="2023-07-05T21:24:12 EDT" name="runScenario" description="Runs Cucumber Scenarios" data-provider="scenarios" finished-at="2023-07-05T21:24:13 EDT" duration-ms="531" status="PASS">
          <params>
            <param index="0">
              <value>
                <![CDATA["User navigated to Deletion page"]]>
              </value>
            </param>
            <param index="1">
              <value>
                <![CDATA["Linked List page validation dsalgo"]]>
              </value>
            </param>
          </params>
          <reporter-output>
          </reporter-output>
        </test-method> <!-- runScenario -->
        <test-method signature="runScenario(io.cucumber.testng.PickleWrapper,io.cucumber.testng.FeatureWrapper)[pri:0, instance:runner.TestRunner@7188af83]" started-at="2023-07-05T21:24:13 EDT" name="runScenario" description="Runs Cucumber Scenarios" data-provider="scenarios" finished-at="2023-07-05T21:24:13 EDT" duration-ms="225" status="PASS">
          <params>
            <param index="0">
              <value>
                <![CDATA["User navigated to tryEditor page with Run button from Deletion page"]]>
              </value>
            </param>
            <param index="1">
              <value>
                <![CDATA["Linked List page validation dsalgo"]]>
              </value>
            </param>
          </params>
          <reporter-output>
          </reporter-output>
        </test-method> <!-- runScenario -->
        <test-method signature="runScenario(io.cucumber.testng.PickleWrapper,io.cucumber.testng.FeatureWrapper)[pri:0, instance:runner.TestRunner@7188af83]" started-at="2023-07-05T21:24:13 EDT" name="runScenario" description="Runs Cucumber Scenarios" data-provider="scenarios" finished-at="2023-07-05T21:24:13 EDT" duration-ms="376" status="PASS">
          <params>
            <param index="0">
              <value>
                <![CDATA["User run the code in tryEditor with valid input for Deletion page"]]>
              </value>
            </param>
            <param index="1">
              <value>
                <![CDATA["Linked List page validation dsalgo"]]>
              </value>
            </param>
          </params>
          <reporter-output>
          </reporter-output>
        </test-method> <!-- runScenario -->
        <test-method signature="runScenario(io.cucumber.testng.PickleWrapper,io.cucumber.testng.FeatureWrapper)[pri:0, instance:runner.TestRunner@7188af83]" started-at="2023-07-05T21:24:13 EDT" name="runScenario" description="Runs Cucumber Scenarios" data-provider="scenarios" finished-at="2023-07-05T21:24:14 EDT" duration-ms="532" status="PASS">
          <params>
            <param index="0">
              <value>
                <![CDATA["The user is validating Practice Questions page"]]>
              </value>
            </param>
            <param index="1">
              <value>
                <![CDATA["Linked List page validation dsalgo"]]>
              </value>
            </param>
          </params>
          <reporter-output>
          </reporter-output>
        </test-method> <!-- runScenario -->
        <test-method signature="runScenario(io.cucumber.testng.PickleWrapper,io.cucumber.testng.FeatureWrapper)[pri:0, instance:runner.TestRunner@7188af83]" started-at="2023-07-05T21:24:14 EDT" name="runScenario" description="Runs Cucumber Scenarios" data-provider="scenarios" finished-at="2023-07-05T21:24:14 EDT" duration-ms="476" status="PASS">
          <params>
            <param index="0">
              <value>
                <![CDATA["user is on homepage"]]>
              </value>
            </param>
            <param index="1">
              <value>
                <![CDATA["performing Stack"]]>
              </value>
            </param>
          </params>
          <reporter-output>
          </reporter-output>
        </test-method> <!-- runScenario -->
        <test-method signature="runScenario(io.cucumber.testng.PickleWrapper,io.cucumber.testng.FeatureWrapper)[pri:0, instance:runner.TestRunner@7188af83]" started-at="2023-07-05T21:24:14 EDT" name="runScenario" description="Runs Cucumber Scenarios" data-provider="scenarios" finished-at="2023-07-05T21:24:15 EDT" duration-ms="323" status="PASS">
          <params>
            <param index="0">
              <value>
                <![CDATA["The user is able to navigate to "Operations in Stack" page"]]>
              </value>
            </param>
            <param index="1">
              <value>
                <![CDATA["performing Stack"]]>
              </value>
            </param>
          </params>
          <reporter-output>
          </reporter-output>
        </test-method> <!-- runScenario -->
        <test-method signature="runScenario(io.cucumber.testng.PickleWrapper,io.cucumber.testng.FeatureWrapper)[pri:0, instance:runner.TestRunner@7188af83]" started-at="2023-07-05T21:24:15 EDT" name="runScenario" description="Runs Cucumber Scenarios" data-provider="scenarios" finished-at="2023-07-05T21:24:15 EDT" duration-ms="312" status="PASS">
          <params>
            <param index="0">
              <value>
                <![CDATA["The user is able to navigate to a page having an tryEditor"]]>
              </value>
            </param>
            <param index="1">
              <value>
                <![CDATA["performing Stack"]]>
              </value>
            </param>
          </params>
          <reporter-output>
          </reporter-output>
        </test-method> <!-- runScenario -->
        <test-method signature="runScenario(io.cucumber.testng.PickleWrapper,io.cucumber.testng.FeatureWrapper)[pri:0, instance:runner.TestRunner@7188af83]" started-at="2023-07-05T21:24:15 EDT" name="runScenario" description="Runs Cucumber Scenarios" data-provider="scenarios" finished-at="2023-07-05T21:24:15 EDT" duration-ms="329" status="PASS">
          <params>
            <param index="0">
              <value>
                <![CDATA["The user is able to run code in tryEditor"]]>
              </value>
            </param>
            <param index="1">
              <value>
                <![CDATA["performing Stack"]]>
              </value>
            </param>
          </params>
          <reporter-output>
          </reporter-output>
        </test-method> <!-- runScenario -->
        <test-method signature="runScenario(io.cucumber.testng.PickleWrapper,io.cucumber.testng.FeatureWrapper)[pri:0, instance:runner.TestRunner@7188af83]" started-at="2023-07-05T21:24:15 EDT" name="runScenario" description="Runs Cucumber Scenarios" data-provider="scenarios" finished-at="2023-07-05T21:24:16 EDT" duration-ms="421" status="PASS">
          <params>
            <param index="0">
              <value>
                <![CDATA["The user is able to run code in tryEditor"]]>
              </value>
            </param>
            <param index="1">
              <value>
                <![CDATA["performing Stack"]]>
              </value>
            </param>
          </params>
          <reporter-output>
          </reporter-output>
        </test-method> <!-- runScenario -->
        <test-method signature="runScenario(io.cucumber.testng.PickleWrapper,io.cucumber.testng.FeatureWrapper)[pri:0, instance:runner.TestRunner@7188af83]" started-at="2023-07-05T21:24:16 EDT" name="runScenario" description="Runs Cucumber Scenarios" data-provider="scenarios" finished-at="2023-07-05T21:24:16 EDT" duration-ms="461" status="PASS">
          <params>
            <param index="0">
              <value>
                <![CDATA["The user is able to navigate to "Practice Questions" in stack Page"]]>
              </value>
            </param>
            <param index="1">
              <value>
                <![CDATA["performing Stack"]]>
              </value>
            </param>
          </params>
          <reporter-output>
          </reporter-output>
        </test-method> <!-- runScenario -->
        <test-method signature="runScenario(io.cucumber.testng.PickleWrapper,io.cucumber.testng.FeatureWrapper)[pri:0, instance:runner.TestRunner@7188af83]" started-at="2023-07-05T21:24:16 EDT" name="runScenario" description="Runs Cucumber Scenarios" data-provider="scenarios" finished-at="2023-07-05T21:24:16 EDT" duration-ms="444" status="PASS">
          <params>
            <param index="0">
              <value>
                <![CDATA["User is naviagted to Queue Data structure from homepage"]]>
              </value>
            </param>
            <param index="1">
              <value>
                <![CDATA["To validate Queue Data Structure"]]>
              </value>
            </param>
          </params>
          <reporter-output>
          </reporter-output>
        </test-method> <!-- runScenario -->
        <test-method signature="runScenario(io.cucumber.testng.PickleWrapper,io.cucumber.testng.FeatureWrapper)[pri:0, instance:runner.TestRunner@7188af83]" started-at="2023-07-05T21:24:16 EDT" name="runScenario" description="Runs Cucumber Scenarios" data-provider="scenarios" finished-at="2023-07-05T21:24:17 EDT" duration-ms="226" status="PASS">
          <params>
            <param index="0">
              <value>
                <![CDATA["User is navigated to Implementation of Queue in Python"]]>
              </value>
            </param>
            <param index="1">
              <value>
                <![CDATA["To validate Queue Data Structure"]]>
              </value>
            </param>
          </params>
          <reporter-output>
          </reporter-output>
        </test-method> <!-- runScenario -->
        <test-method signature="runScenario(io.cucumber.testng.PickleWrapper,io.cucumber.testng.FeatureWrapper)[pri:0, instance:runner.TestRunner@7188af83]" started-at="2023-07-05T21:24:17 EDT" name="runScenario" description="Runs Cucumber Scenarios" data-provider="scenarios" finished-at="2023-07-05T21:24:17 EDT" duration-ms="294" status="PASS">
          <params>
            <param index="0">
              <value>
                <![CDATA["User is navigated to tryEditor Page"]]>
              </value>
            </param>
            <param index="1">
              <value>
                <![CDATA["To validate Queue Data Structure"]]>
              </value>
            </param>
          </params>
          <reporter-output>
          </reporter-output>
        </test-method> <!-- runScenario -->
        <test-method signature="runScenario(io.cucumber.testng.PickleWrapper,io.cucumber.testng.FeatureWrapper)[pri:0, instance:runner.TestRunner@7188af83]" started-at="2023-07-05T21:24:17 EDT" name="runScenario" description="Runs Cucumber Scenarios" data-provider="scenarios" finished-at="2023-07-05T21:24:18 EDT" duration-ms="528" status="PASS">
          <params>
            <param index="0">
              <value>
                <![CDATA["User enters valid Python code and Presented with  Result"]]>
              </value>
            </param>
            <param index="1">
              <value>
                <![CDATA["To validate Queue Data Structure"]]>
              </value>
            </param>
          </params>
          <reporter-output>
          </reporter-output>
        </test-method> <!-- runScenario -->
        <test-method signature="runScenario(io.cucumber.testng.PickleWrapper,io.cucumber.testng.FeatureWrapper)[pri:0, instance:runner.TestRunner@7188af83]" started-at="2023-07-05T21:24:18 EDT" name="runScenario" description="Runs Cucumber Scenarios" data-provider="scenarios" finished-at="2023-07-05T21:24:18 EDT" duration-ms="708" status="PASS">
          <params>
            <param index="0">
              <value>
                <![CDATA["User enters Invalid Python code and Presented with Error Message"]]>
              </value>
            </param>
            <param index="1">
              <value>
                <![CDATA["To validate Queue Data Structure"]]>
              </value>
            </param>
          </params>
          <reporter-output>
          </reporter-output>
        </test-method> <!-- runScenario -->
        <test-method signature="runScenario(io.cucumber.testng.PickleWrapper,io.cucumber.testng.FeatureWrapper)[pri:0, instance:runner.TestRunner@7188af83]" started-at="2023-07-05T21:24:18 EDT" name="runScenario" description="Runs Cucumber Scenarios" data-provider="scenarios" finished-at="2023-07-05T21:24:18 EDT" duration-ms="162" status="PASS">
          <params>
            <param index="0">
              <value>
                <![CDATA["User navigates to Implementation using collections.deque"]]>
              </value>
            </param>
            <param index="1">
              <value>
                <![CDATA["To validate Queue Data Structure"]]>
              </value>
            </param>
          </params>
          <reporter-output>
          </reporter-output>
        </test-method> <!-- runScenario -->
        <test-method signature="runScenario(io.cucumber.testng.PickleWrapper,io.cucumber.testng.FeatureWrapper)[pri:0, instance:runner.TestRunner@7188af83]" started-at="2023-07-05T21:24:18 EDT" name="runScenario" description="Runs Cucumber Scenarios" data-provider="scenarios" finished-at="2023-07-05T21:24:19 EDT" duration-ms="328" status="PASS">
          <params>
            <param index="0">
              <value>
                <![CDATA["User navigates to tryEditor page"]]>
              </value>
            </param>
            <param index="1">
              <value>
[...]
          <params>
            <param index="0">
              <value>
                <![CDATA["The user is able to navigate to a page having an tryEditor from Types of Trees page"]]>
              </value>
            </param>
            <param index="1">
              <value>
                <![CDATA["User tests the Tree page on the Ds algo application"]]>
              </value>
            </param>
          </params>
          <reporter-output>
          </reporter-output>
        </test-method> <!-- runScenario -->
        <test-method signature="runScenario(io.cucumber.testng.PickleWrapper,io.cucumber.testng.FeatureWrapper)[pri:0, instance:runner.TestRunner@7188af83]" started-at="2023-07-05T21:24:24 EDT" name="runScenario" description="Runs Cucumber Scenarios" data-provider="scenarios" finished-at="2023-07-05T21:24:25 EDT" duration-ms="334" status="PASS">
          <params>
            <param index="0">
              <value>
                <![CDATA["User enters valid Python code and Presented with Result"]]>
              </value>
            </param>
            <param index="1">
              <value>
                <![CDATA["User tests the Tree page on the Ds algo application"]]>
              </value>
            </param>
          </params>
          <reporter-output>
          </reporter-output>
        </test-method> <!-- runScenario -->
        <test-method signature="runScenario(io.cucumber.testng.PickleWrapper,io.cucumber.testng.FeatureWrapper)[pri:0, instance:runner.TestRunner@7188af83]" started-at="2023-07-05T21:24:25 EDT" name="runScenario" description="Runs Cucumber Scenarios" data-provider="scenarios" finished-at="2023-07-05T21:24:25 EDT" duration-ms="269" status="PASS">
          <params>
            <param index="0">
              <value>
                <![CDATA["The user is able to navigate to "Tree Traversals" Page"]]>
              </value>
            </param>
            <param index="1">
              <value>
                <![CDATA["User tests the Tree page on the Ds algo application"]]>
              </value>
            </param>
          </params>
          <reporter-output>
          </reporter-output>
        </test-method> <!-- runScenario -->
        <test-method signature="runScenario(io.cucumber.testng.PickleWrapper,io.cucumber.testng.FeatureWrapper)[pri:0, instance:runner.TestRunner@7188af83]" started-at="2023-07-05T21:24:25 EDT" name="runScenario" description="Runs Cucumber Scenarios" data-provider="scenarios" finished-at="2023-07-05T21:24:25 EDT" duration-ms="282" status="PASS">
          <params>
            <param index="0">
              <value>
                <![CDATA["The user is able to navigate to a page having an tryEditor from Tree Traversals Page"]]>
              </value>
            </param>
            <param index="1">
              <value>
                <![CDATA["User tests the Tree page on the Ds algo application"]]>
              </value>
            </param>
          </params>
          <reporter-output>
          </reporter-output>
        </test-method> <!-- runScenario -->
        <test-method signature="runScenario(io.cucumber.testng.PickleWrapper,io.cucumber.testng.FeatureWrapper)[pri:0, instance:runner.TestRunner@7188af83]" started-at="2023-07-05T21:24:25 EDT" name="runScenario" description="Runs Cucumber Scenarios" data-provider="scenarios" finished-at="2023-07-05T21:24:25 EDT" duration-ms="321" status="PASS">
          <params>
            <param index="0">
              <value>
                <![CDATA["User should be able to enter a invalid Python code and Presented with Error Message"]]>
              </value>
            </param>
            <param index="1">
              <value>
                <![CDATA["User tests the Tree page on the Ds algo application"]]>
              </value>
            </param>
          </params>
          <reporter-output>
          </reporter-output>
        </test-method> <!-- runScenario -->
        <test-method signature="runScenario(io.cucumber.testng.PickleWrapper,io.cucumber.testng.FeatureWrapper)[pri:0, instance:runner.TestRunner@7188af83]" started-at="2023-07-05T21:24:25 EDT" name="runScenario" description="Runs Cucumber Scenarios" data-provider="scenarios" finished-at="2023-07-05T21:24:26 EDT" duration-ms="284" status="PASS">
          <params>
            <param index="0">
              <value>
                <![CDATA["The user is able to navigate to "Traversals illustration" Page"]]>
              </value>
            </param>
            <param index="1">
              <value>
                <![CDATA["User tests the Tree page on the Ds algo application"]]>
              </value>
            </param>
          </params>
          <reporter-output>
          </reporter-output>
        </test-method> <!-- runScenario -->
        <test-method signature="runScenario(io.cucumber.testng.PickleWrapper,io.cucumber.testng.FeatureWrapper)[pri:0, instance:runner.TestRunner@7188af83]" started-at="2023-07-05T21:24:26 EDT" name="runScenario" description="Runs Cucumber Scenarios" data-provider="scenarios" finished-at="2023-07-05T21:24:26 EDT" duration-ms="321" status="PASS">
          <params>
            <param index="0">
              <value>
                <![CDATA["The user is able to navigate to a page having an tryEditor from Traversals-Illustration Page"]]>
              </value>
            </param>
            <param index="1">
              <value>
                <![CDATA["User tests the Tree page on the Ds algo application"]]>
              </value>
            </param>
          </params>
          <reporter-output>
          </reporter-output>
        </test-method> <!-- runScenario -->
        <test-method signature="runScenario(io.cucumber.testng.PickleWrapper,io.cucumber.testng.FeatureWrapper)[pri:0, instance:runner.TestRunner@7188af83]" started-at="2023-07-05T21:24:26 EDT" name="runScenario" description="Runs Cucumber Scenarios" data-provider="scenarios" finished-at="2023-07-05T21:24:27 EDT" duration-ms="446" status="PASS">
          <params>
            <param index="0">
              <value>
                <![CDATA["User enters valid Python code and Presented with Result"]]>
              </value>
            </param>
            <param index="1">
              <value>
                <![CDATA["User tests the Tree page on the Ds algo application"]]>
              </value>
            </param>
          </params>
          <reporter-output>
          </reporter-output>
        </test-method> <!-- runScenario -->
        <test-method signature="runScenario(io.cucumber.testng.PickleWrapper,io.cucumber.testng.FeatureWrapper)[pri:0, instance:runner.TestRunner@7188af83]" started-at="2023-07-05T21:24:27 EDT" name="runScenario" description="Runs Cucumber Scenarios" data-provider="scenarios" finished-at="2023-07-05T21:24:27 EDT" duration-ms="255" status="PASS">
          <params>
            <param index="0">
              <value>
                <![CDATA["The user is able to navigate to "Binary Trees" Page"]]>
              </value>
            </param>
            <param index="1">
              <value>
                <![CDATA["User tests the Tree page on the Ds algo application"]]>
              </value>
            </param>
          </params>
          <reporter-output>
          </reporter-output>
        </test-method> <!-- runScenario -->
        <test-method signature="runScenario(io.cucumber.testng.PickleWrapper,io.cucumber.testng.FeatureWrapper)[pri:0, instance:runner.TestRunner@7188af83]" started-at="2023-07-05T21:24:27 EDT" name="runScenario" description="Runs Cucumber Scenarios" data-provider="scenarios" finished-at="2023-07-05T21:24:27 EDT" duration-ms="301" status="PASS">
          <params>
            <param index="0">
              <value>
                <![CDATA["The user is able to navigate to a page having an tryEditor from Binary Trees Page"]]>
              </value>
            </param>
            <param index="1">
              <value>
                <![CDATA["User tests the Tree page on the Ds algo application"]]>
              </value>
            </param>
          </params>
          <reporter-output>
          </reporter-output>
        </test-method> <!-- runScenario -->
        <test-method signature="runScenario(io.cucumber.testng.PickleWrapper,io.cucumber.testng.FeatureWrapper)[pri:0, instance:runner.TestRunner@7188af83]" started-at="2023-07-05T21:24:27 EDT" name="runScenario" description="Runs Cucumber Scenarios" data-provider="scenarios" finished-at="2023-07-05T21:24:27 EDT" duration-ms="355" status="PASS">
          <params>
            <param index="0">
              <value>
                <![CDATA["User should be able to enter a invalid Python code and Presented with Error Message"]]>
              </value>
            </param>
            <param index="1">
              <value>
                <![CDATA["User tests the Tree page on the Ds algo application"]]>
              </value>
            </param>
          </params>
          <reporter-output>
          </reporter-output>
        </test-method> <!-- runScenario -->
        <test-method signature="runScenario(io.cucumber.testng.PickleWrapper,io.cucumber.testng.FeatureWrapper)[pri:0, instance:runner.TestRunner@7188af83]" started-at="2023-07-05T21:24:27 EDT" name="runScenario" description="Runs Cucumber Scenarios" data-provider="scenarios" finished-at="2023-07-05T21:24:28 EDT" duration-ms="281" status="PASS">
          <params>
            <param index="0">
              <value>
                <![CDATA["The user is able to navigate to "Types of Binary Trees" Page"]]>
              </value>
            </param>
            <param index="1">
              <value>
                <![CDATA["User tests the Tree page on the Ds algo application"]]>
              </value>
            </param>
          </params>
          <reporter-output>
          </reporter-output>
        </test-method> <!-- runScenario -->
        <test-method signature="runScenario(io.cucumber.testng.PickleWrapper,io.cucumber.testng.FeatureWrapper)[pri:0, instance:runner.TestRunner@7188af83]" started-at="2023-07-05T21:24:28 EDT" name="runScenario" description="Runs Cucumber Scenarios" data-provider="scenarios" finished-at="2023-07-05T21:24:28 EDT" duration-ms="319" status="PASS">
          <params>
            <param index="0">
              <value>
                <![CDATA["The user is able to navigate to a page having an tryEditor from Types of Binary Trees Page"]]>
              </value>
            </param>
            <param index="1">
              <value>
                <![CDATA["User tests the Tree page on the Ds algo application"]]>
              </value>
            </param>
          </params>
          <reporter-output>
          </reporter-output>
        </test-method> <!-- runScenario -->
        <test-method signature="runScenario(io.cucumber.testng.PickleWrapper,io.cucumber.testng.FeatureWrapper)[pri:0, instance:runner.TestRunner@7188af83]" started-at="2023-07-05T21:24:28 EDT" name="runScenario" description="Runs Cucumber Scenarios" data-provider="scenarios" finished-at="2023-07-05T21:24:28 EDT" duration-ms="369" status="PASS">
          <params>
            <param index="0">
              <value>
                <![CDATA["User enters valid Python code and Presented with Result"]]>
              </value>
            </param>
            <param index="1">
              <value>
                <![CDATA["User tests the Tree page on the Ds algo application"]]>
              </value>
            </param>
          </params>
          <reporter-output>
          </reporter-output>
        </test-method> <!-- runScenario -->
        <test-method signature="runScenario(io.cucumber.testng.PickleWrapper,io.cucumber.testng.FeatureWrapper)[pri:0, instance:runner.TestRunner@7188af83]" started-at="2023-07-05T21:24:28 EDT" name="runScenario" description="Runs Cucumber Scenarios" data-provider="scenarios" finished-at="2023-07-05T21:24:29 EDT" duration-ms="182" status="PASS">
          <params>
            <param index="0">
              <value>
                <![CDATA["The user is able to navigate to "Practice Questions" Page"]]>
              </value>
            </param>
            <param index="1">
              <value>
                <![CDATA["User tests the Tree page on the Ds algo application"]]>
              </value>
            </param>
          </params>
          <reporter-output>
          </reporter-output>
        </test-method> <!-- runScenario -->
        <test-method signature="runScenario(io.cucumber.testng.PickleWrapper,io.cucumber.testng.FeatureWrapper)[pri:0, instance:runner.TestRunner@7188af83]" started-at="2023-07-05T21:24:29 EDT" name="runScenario" description="Runs Cucumber Scenarios" data-provider="scenarios" finished-at="2023-07-05T21:24:29 EDT" duration-ms="409" status="PASS">
          <params>
            <param index="0">
              <value>
                <![CDATA["User should be able to navigate to Graph Data Structure Page"]]>
              </value>
            </param>
            <param index="1">
              <value>
                <![CDATA["To Validate Graph Data Structure"]]>
              </value>
            </param>
          </params>
          <reporter-output>
          </reporter-output>
        </test-method> <!-- runScenario -->
        <test-method signature="runScenario(io.cucumber.testng.PickleWrapper,io.cucumber.testng.FeatureWrapper)[pri:0, instance:runner.TestRunner@7188af83]" started-at="2023-07-05T21:24:29 EDT" name="runScenario" description="Runs Cucumber Scenarios" data-provider="scenarios" finished-at="2023-07-05T21:24:29 EDT" duration-ms="184" status="PASS">
          <params>
            <param index="0">
              <value>
                <![CDATA["User should  be able to navigate to Graph Page"]]>
              </value>
            </param>
            <param index="1">
              <value>
                <![CDATA["To Validate Graph Data Structure"]]>
              </value>
            </param>
          </params>
          <reporter-output>
          </reporter-output>
        </test-method> <!-- runScenario -->
        <test-method signature="runScenario(io.cucumber.testng.PickleWrapper,io.cucumber.testng.FeatureWrapper)[pri:0, instance:runner.TestRunner@7188af83]" started-at="2023-07-05T21:24:29 EDT" name="runScenario" description="Runs Cucumber Scenarios" data-provider="scenarios" finished-at="2023-07-05T21:24:29 EDT" duration-ms="283" status="PASS">
          <params>
            <param index="0">
              <value>
                <![CDATA["User should be able to navigate to tryEditor Page"]]>
              </value>
            </param>
            <param index="1">
              <value>
                <![CDATA["To Validate Graph Data Structure"]]>
              </value>
            </param>
          </params>
          <reporter-output>
          </reporter-output>
        </test-method> <!-- runScenario -->
        <test-method signature="runScenario(io.cucumber.testng.PickleWrapper,io.cucumber.testng.FeatureWrapper)[pri:0, instance:runner.TestRunner@7188af83]" started-at="2023-07-05T21:24:29 EDT" name="runScenario" description="Runs Cucumber Scenarios" data-provider="scenarios" finished-at="2023-07-05T21:24:30 EDT" duration-ms="368" status="PASS">
          <params>
            <param index="0">
              <value>
                <![CDATA["User enters valid Python code and Presented with Result"]]>
              </value>
            </param>
            <param index="1">
              <value>
                <![CDATA["To Validate Graph Data Structure"]]>
              </value>
            </param>
          </params>
          <reporter-output>
          </reporter-output>
        </test-method> <!-- runScenario -->
        <test-method signature="runScenario(io.cucumber.testng.PickleWrapper,io.cucumber.testng.FeatureWrapper)[pri:0, instance:runner.TestRunner@7188af83]" started-at="2023-07-05T21:24:30 EDT" name="runScenario" description="Runs Cucumber Scenarios" data-provider="scenarios" finished-at="2023-07-05T21:24:30 EDT" duration-ms="406" status="PASS">
          <params>
            <param index="0">
              <value>
                <![CDATA["User should be able to navigate to Graph representations Page"]]>
              </value>
            </param>
            <param index="1">
              <value>
                <![CDATA["To Validate Graph Data Structure"]]>
              </value>
            </param>
          </params>
          <reporter-output>
          </reporter-output>
        </test-method> <!-- runScenario -->
        <test-method signature="runScenario(io.cucumber.testng.PickleWrapper,io.cucumber.testng.FeatureWrapper)[pri:0, instance:runner.TestRunner@7188af83]" started-at="2023-07-05T21:24:30 EDT" name="runScenario" description="Runs Cucumber Scenarios" data-provider="scenarios" finished-at="2023-07-05T21:24:31 EDT" duration-ms="331" status="PASS">
          <params>
            <param index="0">
              <value>
                <![CDATA["User should be able to  navigate to tryEditor Page"]]>
              </value>
            </param>
            <param index="1">
              <value>
                <![CDATA["To Validate Graph Data Structure"]]>
              </value>
            </param>
          </params>
          <reporter-output>
          </reporter-output>
        </test-method> <!-- runScenario -->
        <test-method signature="runScenario(io.cucumber.testng.PickleWrapper,io.cucumber.testng.FeatureWrapper)[pri:0, instance:runner.TestRunner@7188af83]" started-at="2023-07-05T21:24:31 EDT" name="runScenario" description="Runs Cucumber Scenarios" data-provider="scenarios" finished-at="2023-07-05T21:24:31 EDT" duration-ms="379" status="PASS">
          <params>
            <param index="0">
              <value>
                <![CDATA["User should be able to enter a invalid Python code and Presented with Error Message"]]>
              </value>
            </param>
            <param index="1">
              <value>
                <![CDATA["To Validate Graph Data Structure"]]>
              </value>
            </param>
          </params>
          <reporter-output>
          </reporter-output>
        </test-method> <!-- runScenario -->
        <test-method signature="runScenario(io.cucumber.testng.PickleWrapper,io.cucumber.testng.FeatureWrapper)[pri:0, instance:runner.TestRunner@7188af83]" started-at="2023-07-05T21:24:31 EDT" name="runScenario" description="Runs Cucumber Scenarios" data-provider="scenarios" finished-at="2023-07-05T21:24:31 EDT" duration-ms="158" status="PASS">
          <params>
            <param index="0">
              <value>
                <![CDATA["The user is able to navigate to "Practice Questions" in graph Page"]]>
              </value>
            </param>
            <param index="1">
              <value>
                <![CDATA["To Validate Graph Data Structure"]]>
              </value>
            </param>
          </params>
          <reporter-output>
          </reporter-output>
        </test-method> <!-- runScenario -->
        <test-method is-config="true" signature="tearDownClass()[pri:0, instance:runner.TestRunner@7188af83]" started-at="2023-07-05T21:24:31 EDT" name="tearDownClass" finished-at="2023-07-05T21:24:46 EDT" duration-ms="14731" status="PASS">
          <reporter-output>
          </reporter-output>
        </test-method> <!-- tearDownClass -->
      </class> <!-- runner.TestRunner -->
    </test> <!-- Default test -->
  </suite> <!-- Default suite -->
</testng-results>
